execve("/usr/bin/passwd", ["passwd", "colearo"], [/* 17 vars */]) = 0
brk(NULL)                               = 0x561c3da33000
access("/etc/ld.so.nohwcap", F_OK)      = -1 ENOENT (No such file or directory)
access("/etc/ld.so.preload", R_OK)      = -1 ENOENT (No such file or directory)
open("/etc/ld.so.cache", O_RDONLY|O_CLOEXEC) = 3
fstat(3, {st_mode=S_IFREG|0644, st_size=40227, ...}) = 0
mmap(NULL, 40227, PROT_READ, MAP_PRIVATE, 3, 0) = 0x7efd47272000
close(3)                                = 0
access("/etc/ld.so.nohwcap", F_OK)      = -1 ENOENT (No such file or directory)
open("/lib/x86_64-linux-gnu/libpam.so.0", O_RDONLY|O_CLOEXEC) = 3
read(3, "\177ELF\2\1\1\0\0\0\0\0\0\0\0\0\3\0>\0\1\0\0\0\200$\0\0\0\0\0\0"..., 832) = 832
fstat(3, {st_mode=S_IFREG|0644, st_size=55904, ...}) = 0
mmap(NULL, 4096, PROT_READ|PROT_WRITE, MAP_PRIVATE|MAP_ANONYMOUS, -1, 0) = 0x7efd47271000
mmap(NULL, 2150888, PROT_READ|PROT_EXEC, MAP_PRIVATE|MAP_DENYWRITE, 3, 0) = 0x7efd46e49000
mprotect(0x7efd46e56000, 2093056, PROT_NONE) = 0
mmap(0x7efd47055000, 8192, PROT_READ|PROT_WRITE, MAP_PRIVATE|MAP_FIXED|MAP_DENYWRITE, 3, 0xc000) = 0x7efd47055000
close(3)                                = 0
access("/etc/ld.so.nohwcap", F_OK)      = -1 ENOENT (No such file or directory)
open("/lib/x86_64-linux-gnu/libpam_misc.so.0", O_RDONLY|O_CLOEXEC) = 3
read(3, "\177ELF\2\1\1\0\0\0\0\0\0\0\0\0\3\0>\0\1\0\0\0\240\20\0\0\0\0\0\0"..., 832) = 832
fstat(3, {st_mode=S_IFREG|0644, st_size=14640, ...}) = 0
mmap(NULL, 2109744, PROT_READ|PROT_EXEC, MAP_PRIVATE|MAP_DENYWRITE, 3, 0) = 0x7efd46c45000
mprotect(0x7efd46c48000, 2093056, PROT_NONE) = 0
mmap(0x7efd46e47000, 8192, PROT_READ|PROT_WRITE, MAP_PRIVATE|MAP_FIXED|MAP_DENYWRITE, 3, 0x2000) = 0x7efd46e47000
close(3)                                = 0
access("/etc/ld.so.nohwcap", F_OK)      = -1 ENOENT (No such file or directory)
open("/lib/x86_64-linux-gnu/libselinux.so.1", O_RDONLY|O_CLOEXEC) = 3
read(3, "\177ELF\2\1\1\0\0\0\0\0\0\0\0\0\3\0>\0\1\0\0\0\260Z\0\0\0\0\0\0"..., 832) = 832
fstat(3, {st_mode=S_IFREG|0644, st_size=130224, ...}) = 0
mmap(NULL, 2234080, PROT_READ|PROT_EXEC, MAP_PRIVATE|MAP_DENYWRITE, 3, 0) = 0x7efd46a23000
mprotect(0x7efd46a42000, 2093056, PROT_NONE) = 0
mmap(0x7efd46c41000, 8192, PROT_READ|PROT_WRITE, MAP_PRIVATE|MAP_FIXED|MAP_DENYWRITE, 3, 0x1e000) = 0x7efd46c41000
mmap(0x7efd46c43000, 5856, PROT_READ|PROT_WRITE, MAP_PRIVATE|MAP_FIXED|MAP_ANONYMOUS, -1, 0) = 0x7efd46c43000
close(3)                                = 0
access("/etc/ld.so.nohwcap", F_OK)      = -1 ENOENT (No such file or directory)
open("/lib/x86_64-linux-gnu/libc.so.6", O_RDONLY|O_CLOEXEC) = 3
read(3, "\177ELF\2\1\1\3\0\0\0\0\0\0\0\0\3\0>\0\1\0\0\0P\t\2\0\0\0\0\0"..., 832) = 832
fstat(3, {st_mode=S_IFREG|0755, st_size=1868984, ...}) = 0
mmap(NULL, 4096, PROT_READ|PROT_WRITE, MAP_PRIVATE|MAP_ANONYMOUS, -1, 0) = 0x7efd47270000
mmap(NULL, 3971488, PROT_READ|PROT_EXEC, MAP_PRIVATE|MAP_DENYWRITE, 3, 0) = 0x7efd46659000
mprotect(0x7efd46819000, 2097152, PROT_NONE) = 0
mmap(0x7efd46a19000, 24576, PROT_READ|PROT_WRITE, MAP_PRIVATE|MAP_FIXED|MAP_DENYWRITE, 3, 0x1c0000) = 0x7efd46a19000
mmap(0x7efd46a1f000, 14752, PROT_READ|PROT_WRITE, MAP_PRIVATE|MAP_FIXED|MAP_ANONYMOUS, -1, 0) = 0x7efd46a1f000
close(3)                                = 0
access("/etc/ld.so.nohwcap", F_OK)      = -1 ENOENT (No such file or directory)
open("/lib/x86_64-linux-gnu/libaudit.so.1", O_RDONLY|O_CLOEXEC) = 3
read(3, "\177ELF\2\1\1\0\0\0\0\0\0\0\0\0\3\0>\0\1\0\0\0\0*\0\0\0\0\0\0"..., 832) = 832
fstat(3, {st_mode=S_IFREG|0644, st_size=117288, ...}) = 0
mmap(NULL, 2253352, PROT_READ|PROT_EXEC, MAP_PRIVATE|MAP_DENYWRITE, 3, 0) = 0x7efd46432000
mprotect(0x7efd4644e000, 2093056, PROT_NONE) = 0
mmap(0x7efd4664d000, 8192, PROT_READ|PROT_WRITE, MAP_PRIVATE|MAP_FIXED|MAP_DENYWRITE, 3, 0x1b000) = 0x7efd4664d000
mmap(0x7efd4664f000, 37416, PROT_READ|PROT_WRITE, MAP_PRIVATE|MAP_FIXED|MAP_ANONYMOUS, -1, 0) = 0x7efd4664f000
close(3)                                = 0
access("/etc/ld.so.nohwcap", F_OK)      = -1 ENOENT (No such file or directory)
open("/lib/x86_64-linux-gnu/libdl.so.2", O_RDONLY|O_CLOEXEC) = 3
read(3, "\177ELF\2\1\1\0\0\0\0\0\0\0\0\0\3\0>\0\1\0\0\0\240\r\0\0\0\0\0\0"..., 832) = 832
fstat(3, {st_mode=S_IFREG|0644, st_size=14608, ...}) = 0
mmap(NULL, 2109680, PROT_READ|PROT_EXEC, MAP_PRIVATE|MAP_DENYWRITE, 3, 0) = 0x7efd4622e000
mprotect(0x7efd46231000, 2093056, PROT_NONE) = 0
mmap(0x7efd46430000, 8192, PROT_READ|PROT_WRITE, MAP_PRIVATE|MAP_FIXED|MAP_DENYWRITE, 3, 0x2000) = 0x7efd46430000
close(3)                                = 0
access("/etc/ld.so.nohwcap", F_OK)      = -1 ENOENT (No such file or directory)
open("/lib/x86_64-linux-gnu/libpcre.so.3", O_RDONLY|O_CLOEXEC) = 3
read(3, "\177ELF\2\1\1\0\0\0\0\0\0\0\0\0\3\0>\0\1\0\0\0000\25\0\0\0\0\0\0"..., 832) = 832
fstat(3, {st_mode=S_IFREG|0644, st_size=456632, ...}) = 0
mmap(NULL, 4096, PROT_READ|PROT_WRITE, MAP_PRIVATE|MAP_ANONYMOUS, -1, 0) = 0x7efd4726f000
mmap(NULL, 2552072, PROT_READ|PROT_EXEC, MAP_PRIVATE|MAP_DENYWRITE, 3, 0) = 0x7efd45fbe000
mprotect(0x7efd4602c000, 2097152, PROT_NONE) = 0
mmap(0x7efd4622c000, 8192, PROT_READ|PROT_WRITE, MAP_PRIVATE|MAP_FIXED|MAP_DENYWRITE, 3, 0x6e000) = 0x7efd4622c000
close(3)                                = 0
access("/etc/ld.so.nohwcap", F_OK)      = -1 ENOENT (No such file or directory)
open("/lib/x86_64-linux-gnu/libpthread.so.0", O_RDONLY|O_CLOEXEC) = 3
read(3, "\177ELF\2\1\1\0\0\0\0\0\0\0\0\0\3\0>\0\1\0\0\0\260`\0\0\0\0\0\0"..., 832) = 832
fstat(3, {st_mode=S_IFREG|0755, st_size=138696, ...}) = 0
mmap(NULL, 2212904, PROT_READ|PROT_EXEC, MAP_PRIVATE|MAP_DENYWRITE, 3, 0) = 0x7efd45da1000
mprotect(0x7efd45db9000, 2093056, PROT_NONE) = 0
mmap(0x7efd45fb8000, 8192, PROT_READ|PROT_WRITE, MAP_PRIVATE|MAP_FIXED|MAP_DENYWRITE, 3, 0x17000) = 0x7efd45fb8000
mmap(0x7efd45fba000, 13352, PROT_READ|PROT_WRITE, MAP_PRIVATE|MAP_FIXED|MAP_ANONYMOUS, -1, 0) = 0x7efd45fba000
close(3)                                = 0
mmap(NULL, 4096, PROT_READ|PROT_WRITE, MAP_PRIVATE|MAP_ANONYMOUS, -1, 0) = 0x7efd4726e000
mmap(NULL, 8192, PROT_READ|PROT_WRITE, MAP_PRIVATE|MAP_ANONYMOUS, -1, 0) = 0x7efd4726c000
arch_prctl(ARCH_SET_FS, 0x7efd4726c800) = 0
mprotect(0x7efd46a19000, 16384, PROT_READ) = 0
mprotect(0x7efd45fb8000, 4096, PROT_READ) = 0
mprotect(0x7efd4622c000, 4096, PROT_READ) = 0
mprotect(0x7efd46430000, 4096, PROT_READ) = 0
mprotect(0x7efd4664d000, 4096, PROT_READ) = 0
mprotect(0x7efd46c41000, 4096, PROT_READ) = 0
mprotect(0x7efd47055000, 4096, PROT_READ) = 0
mprotect(0x7efd46e47000, 4096, PROT_READ) = 0
mprotect(0x561c3ba4a000, 4096, PROT_READ) = 0
mprotect(0x7efd4727c000, 4096, PROT_READ) = 0
munmap(0x7efd47272000, 40227)           = 0
set_tid_address(0x7efd4726cad0)         = 3471
set_robust_list(0x7efd4726cae0, 24)     = 0
rt_sigaction(SIGRTMIN, {0x7efd45da6b50, [], SA_RESTORER|SA_SIGINFO, 0x7efd45db2390}, NULL, 8) = 0
rt_sigaction(SIGRT_1, {0x7efd45da6be0, [], SA_RESTORER|SA_RESTART|SA_SIGINFO, 0x7efd45db2390}, NULL, 8) = 0
rt_sigprocmask(SIG_UNBLOCK, [RTMIN RT_1], NULL, 8) = 0
getrlimit(RLIMIT_STACK, {rlim_cur=8192*1024, rlim_max=RLIM64_INFINITY}) = 0
statfs("/sys/fs/selinux", 0x7ffc429b3db0) = -1 ENOENT (No such file or directory)
statfs("/selinux", 0x7ffc429b3db0)      = -1 ENOENT (No such file or directory)
brk(NULL)                               = 0x561c3da33000
brk(0x561c3da54000)                     = 0x561c3da54000
open("/proc/filesystems", O_RDONLY)     = 3
fstat(3, {st_mode=S_IFREG|0444, st_size=0, ...}) = 0
read(3, "nodev\tsysfs\nnodev\trootfs\nnodev\tr"..., 1024) = 388
read(3, "", 1024)                       = 0
close(3)                                = 0
open("/usr/lib/locale/locale-archive", O_RDONLY|O_CLOEXEC) = 3
fstat(3, {st_mode=S_IFREG|0644, st_size=2981280, ...}) = 0
mmap(NULL, 2981280, PROT_READ, MAP_PRIVATE, 3, 0) = 0x7efd45ac9000
close(3)                                = 0
getuid()                                = 0
open("/proc/self/loginuid", O_RDONLY)   = 3
read(3, "1060048", 12)                  = 7
close(3)                                = 0
socket(PF_LOCAL, SOCK_STREAM|SOCK_CLOEXEC|SOCK_NONBLOCK, 0) = 3
connect(3, {sa_family=AF_LOCAL, sun_path="/var/run/nscd/socket"}, 110) = -1 ENOENT (No such file or directory)
close(3)                                = 0
socket(PF_LOCAL, SOCK_STREAM|SOCK_CLOEXEC|SOCK_NONBLOCK, 0) = 3
connect(3, {sa_family=AF_LOCAL, sun_path="/var/run/nscd/socket"}, 110) = -1 ENOENT (No such file or directory)
close(3)                                = 0
open("/etc/nsswitch.conf", O_RDONLY|O_CLOEXEC) = 3
fstat(3, {st_mode=S_IFREG|0644, st_size=543, ...}) = 0
read(3, "# /etc/nsswitch.conf\n#\n# Example"..., 4096) = 543
read(3, "", 4096)                       = 0
close(3)                                = 0
open("/etc/ld.so.cache", O_RDONLY|O_CLOEXEC) = 3
fstat(3, {st_mode=S_IFREG|0644, st_size=40227, ...}) = 0
mmap(NULL, 40227, PROT_READ, MAP_PRIVATE, 3, 0) = 0x7efd47272000
close(3)                                = 0
access("/etc/ld.so.nohwcap", F_OK)      = -1 ENOENT (No such file or directory)
open("/lib/x86_64-linux-gnu/libnss_compat.so.2", O_RDONLY|O_CLOEXEC) = 3
read(3, "\177ELF\2\1\1\0\0\0\0\0\0\0\0\0\3\0>\0\1\0\0\0\320\22\0\0\0\0\0\0"..., 832) = 832
fstat(3, {st_mode=S_IFREG|0644, st_size=35688, ...}) = 0
mmap(NULL, 2131040, PROT_READ|PROT_EXEC, MAP_PRIVATE|MAP_DENYWRITE, 3, 0) = 0x7efd458c0000
mprotect(0x7efd458c8000, 2093056, PROT_NONE) = 0
mmap(0x7efd45ac7000, 8192, PROT_READ|PROT_WRITE, MAP_PRIVATE|MAP_FIXED|MAP_DENYWRITE, 3, 0x7000) = 0x7efd45ac7000
close(3)                                = 0
access("/etc/ld.so.nohwcap", F_OK)      = -1 ENOENT (No such file or directory)
open("/lib/x86_64-linux-gnu/libnsl.so.1", O_RDONLY|O_CLOEXEC) = 3
read(3, "\177ELF\2\1\1\0\0\0\0\0\0\0\0\0\3\0>\0\1\0\0\0\360?\0\0\0\0\0\0"..., 832) = 832
fstat(3, {st_mode=S_IFREG|0644, st_size=93128, ...}) = 0
mmap(NULL, 2198104, PROT_READ|PROT_EXEC, MAP_PRIVATE|MAP_DENYWRITE, 3, 0) = 0x7efd456a7000
mprotect(0x7efd456bd000, 2093056, PROT_NONE) = 0
mmap(0x7efd458bc000, 8192, PROT_READ|PROT_WRITE, MAP_PRIVATE|MAP_FIXED|MAP_DENYWRITE, 3, 0x15000) = 0x7efd458bc000
mmap(0x7efd458be000, 6744, PROT_READ|PROT_WRITE, MAP_PRIVATE|MAP_FIXED|MAP_ANONYMOUS, -1, 0) = 0x7efd458be000
close(3)                                = 0
mprotect(0x7efd458bc000, 4096, PROT_READ) = 0
mprotect(0x7efd45ac7000, 4096, PROT_READ) = 0
munmap(0x7efd47272000, 40227)           = 0
open("/etc/ld.so.cache", O_RDONLY|O_CLOEXEC) = 3
fstat(3, {st_mode=S_IFREG|0644, st_size=40227, ...}) = 0
mmap(NULL, 40227, PROT_READ, MAP_PRIVATE, 3, 0) = 0x7efd47272000
close(3)                                = 0
access("/etc/ld.so.nohwcap", F_OK)      = -1 ENOENT (No such file or directory)
open("/lib/x86_64-linux-gnu/libnss_nis.so.2", O_RDONLY|O_CLOEXEC) = 3
read(3, "\177ELF\2\1\1\0\0\0\0\0\0\0\0\0\3\0>\0\1\0\0\0\260 \0\0\0\0\0\0"..., 832) = 832
fstat(3, {st_mode=S_IFREG|0644, st_size=47648, ...}) = 0
mmap(NULL, 2143624, PROT_READ|PROT_EXEC, MAP_PRIVATE|MAP_DENYWRITE, 3, 0) = 0x7efd4549b000
mprotect(0x7efd454a6000, 2093056, PROT_NONE) = 0
mmap(0x7efd456a5000, 8192, PROT_READ|PROT_WRITE, MAP_PRIVATE|MAP_FIXED|MAP_DENYWRITE, 3, 0xa000) = 0x7efd456a5000
close(3)                                = 0
access("/etc/ld.so.nohwcap", F_OK)      = -1 ENOENT (No such file or directory)
open("/lib/x86_64-linux-gnu/libnss_files.so.2", O_RDONLY|O_CLOEXEC) = 3
read(3, "\177ELF\2\1\1\0\0\0\0\0\0\0\0\0\3\0>\0\1\0\0\0\260!\0\0\0\0\0\0"..., 832) = 832
fstat(3, {st_mode=S_IFREG|0644, st_size=47600, ...}) = 0
mmap(NULL, 2168600, PROT_READ|PROT_EXEC, MAP_PRIVATE|MAP_DENYWRITE, 3, 0) = 0x7efd45289000
mprotect(0x7efd45294000, 2093056, PROT_NONE) = 0
mmap(0x7efd45493000, 8192, PROT_READ|PROT_WRITE, MAP_PRIVATE|MAP_FIXED|MAP_DENYWRITE, 3, 0xa000) = 0x7efd45493000
mmap(0x7efd45495000, 22296, PROT_READ|PROT_WRITE, MAP_PRIVATE|MAP_FIXED|MAP_ANONYMOUS, -1, 0) = 0x7efd45495000
close(3)                                = 0
mprotect(0x7efd45493000, 4096, PROT_READ) = 0
mprotect(0x7efd456a5000, 4096, PROT_READ) = 0
munmap(0x7efd47272000, 40227)           = 0
open("/etc/passwd", O_RDONLY|O_CLOEXEC) = 3
lseek(3, 0, SEEK_CUR)                   = 0
fstat(3, {st_mode=S_IFREG|0644, st_size=1662, ...}) = 0
mmap(NULL, 1662, PROT_READ, MAP_SHARED, 3, 0) = 0x7efd4727b000
lseek(3, 1662, SEEK_SET)                = 1662
fstat(3, {st_mode=S_IFREG|0644, st_size=1662, ...}) = 0
munmap(0x7efd4727b000, 1662)            = 0
close(3)                                = 0
open("/etc/ld.so.cache", O_RDONLY|O_CLOEXEC) = 3
fstat(3, {st_mode=S_IFREG|0644, st_size=40227, ...}) = 0
mmap(NULL, 40227, PROT_READ, MAP_PRIVATE, 3, 0) = 0x7efd47272000
close(3)                                = 0
access("/etc/ld.so.nohwcap", F_OK)      = -1 ENOENT (No such file or directory)
open("/lib/x86_64-linux-gnu/libnss_sss.so.2", O_RDONLY|O_CLOEXEC) = 3
read(3, "\177ELF\2\1\1\0\0\0\0\0\0\0\0\0\3\0>\0\1\0\0\0\360\27\0\0\0\0\0\0"..., 832) = 832
fstat(3, {st_mode=S_IFREG|0644, st_size=35696, ...}) = 0
mmap(NULL, 2131056, PROT_READ|PROT_EXEC, MAP_PRIVATE|MAP_DENYWRITE, 3, 0) = 0x7efd45080000
mprotect(0x7efd45088000, 2093056, PROT_NONE) = 0
mmap(0x7efd45287000, 8192, PROT_READ|PROT_WRITE, MAP_PRIVATE|MAP_FIXED|MAP_DENYWRITE, 3, 0x7000) = 0x7efd45287000
close(3)                                = 0
mprotect(0x7efd45287000, 4096, PROT_READ) = 0
munmap(0x7efd47272000, 40227)           = 0
futex(0x7efd452881e8, FUTEX_WAKE_PRIVATE, 2147483647) = 0
open("/var/lib/sss/mc/passwd", O_RDONLY|O_CLOEXEC) = 3
fstat(3, {st_mode=S_IFREG|0644, st_size=8406312, ...}) = 0
mmap(NULL, 8406312, PROT_READ, MAP_SHARED, 3, 0) = 0x7efd4487b000
fstat(3, {st_mode=S_IFREG|0644, st_size=8406312, ...}) = 0
getuid()                                = 0
open("/etc/passwd", O_RDONLY|O_CLOEXEC) = 4
lseek(4, 0, SEEK_CUR)                   = 0
fstat(4, {st_mode=S_IFREG|0644, st_size=1662, ...}) = 0
mmap(NULL, 1662, PROT_READ, MAP_SHARED, 4, 0) = 0x7efd4727b000
lseek(4, 1662, SEEK_SET)                = 1662
fstat(4, {st_mode=S_IFREG|0644, st_size=1662, ...}) = 0
munmap(0x7efd4727b000, 1662)            = 0
close(4)                                = 0
fstat(3, {st_mode=S_IFREG|0644, st_size=8406312, ...}) = 0
open("/etc/passwd", O_RDONLY|O_CLOEXEC) = 4
lseek(4, 0, SEEK_CUR)                   = 0
fstat(4, {st_mode=S_IFREG|0644, st_size=1662, ...}) = 0
mmap(NULL, 1662, PROT_READ, MAP_SHARED, 4, 0) = 0x7efd4727b000
lseek(4, 1662, SEEK_SET)                = 1662
munmap(0x7efd4727b000, 1662)            = 0
close(4)                                = 0
open("/etc/passwd", O_RDONLY|O_CLOEXEC) = 4
lseek(4, 0, SEEK_CUR)                   = 0
fstat(4, {st_mode=S_IFREG|0644, st_size=1662, ...}) = 0
mmap(NULL, 1662, PROT_READ, MAP_SHARED, 4, 0) = 0x7efd4727b000
lseek(4, 1662, SEEK_SET)                = 1662
munmap(0x7efd4727b000, 1662)            = 0
close(4)                                = 0
setrlimit(RLIMIT_CORE, {rlim_cur=0, rlim_max=0}) = 0
setrlimit(RLIMIT_AS, {rlim_cur=RLIM64_INFINITY, rlim_max=RLIM64_INFINITY}) = 0
setrlimit(RLIMIT_CPU, {rlim_cur=RLIM64_INFINITY, rlim_max=RLIM64_INFINITY}) = 0
setrlimit(RLIMIT_DATA, {rlim_cur=RLIM64_INFINITY, rlim_max=RLIM64_INFINITY}) = 0
setrlimit(RLIMIT_FSIZE, {rlim_cur=RLIM64_INFINITY, rlim_max=RLIM64_INFINITY}) = 0
setrlimit(RLIMIT_NOFILE, {rlim_cur=RLIM64_INFINITY, rlim_max=RLIM64_INFINITY}) = -1 EPERM (Operation not permitted)
setrlimit(RLIMIT_RSS, {rlim_cur=RLIM64_INFINITY, rlim_max=RLIM64_INFINITY}) = 0
setrlimit(RLIMIT_STACK, {rlim_cur=RLIM64_INFINITY, rlim_max=RLIM64_INFINITY}) = 0
rt_sigaction(SIGALRM, {SIG_IGN, [ALRM], SA_RESTORER|SA_RESTART, 0x7efd4668e4b0}, {SIG_DFL, [], 0}, 8) = 0
rt_sigaction(SIGHUP, {SIG_IGN, [HUP], SA_RESTORER|SA_RESTART, 0x7efd4668e4b0}, {SIG_DFL, [], 0}, 8) = 0
rt_sigaction(SIGINT, {SIG_IGN, [INT], SA_RESTORER|SA_RESTART, 0x7efd4668e4b0}, {SIG_DFL, [], 0}, 8) = 0
rt_sigaction(SIGPIPE, {SIG_IGN, [PIPE], SA_RESTORER|SA_RESTART, 0x7efd4668e4b0}, {SIG_DFL, [], 0}, 8) = 0
rt_sigaction(SIGQUIT, {SIG_IGN, [QUIT], SA_RESTORER|SA_RESTART, 0x7efd4668e4b0}, {SIG_DFL, [], 0}, 8) = 0
rt_sigaction(SIGTERM, {SIG_IGN, [TERM], SA_RESTORER|SA_RESTART, 0x7efd4668e4b0}, {SIG_DFL, [], 0}, 8) = 0
rt_sigaction(SIGTSTP, {SIG_IGN, [TSTP], SA_RESTORER|SA_RESTART, 0x7efd4668e4b0}, {SIG_DFL, [], 0}, 8) = 0
rt_sigaction(SIGTTOU, {SIG_IGN, [TTOU], SA_RESTORER|SA_RESTART, 0x7efd4668e4b0}, {SIG_DFL, [], 0}, 8) = 0
umask(077)                              = 022
stat("/etc/pam.d", {st_mode=S_IFDIR|0755, st_size=4096, ...}) = 0
open("/etc/pam.d/passwd", O_RDONLY)     = 4
fstat(4, {st_mode=S_IFREG|0644, st_size=92, ...}) = 0
read(4, "#\n# The PAM configuration file f"..., 4096) = 92
stat("/etc/pam.d", {st_mode=S_IFDIR|0755, st_size=4096, ...}) = 0
open("/etc/pam.d/common-password", O_RDONLY) = 5
fstat(5, {st_mode=S_IFREG|0644, st_size=1782, ...}) = 0
read(5, "#\n# /etc/pam.d/common-password -"..., 4096) = 1782
futex(0x7efd464310a8, FUTEX_WAKE_PRIVATE, 2147483647) = 0
open("/lib/x86_64-linux-gnu/security/pam_pwquality.so", O_RDONLY|O_CLOEXEC) = 6
read(6, "\177ELF\2\1\1\0\0\0\0\0\0\0\0\0\3\0>\0\1\0\0\0\220\r\0\0\0\0\0\0"..., 832) = 832
fstat(6, {st_mode=S_IFREG|0644, st_size=10424, ...}) = 0
mmap(NULL, 2105568, PROT_READ|PROT_EXEC, MAP_PRIVATE|MAP_DENYWRITE, 6, 0) = 0x7efd44678000
mprotect(0x7efd4467a000, 2093056, PROT_NONE) = 0
mmap(0x7efd44879000, 8192, PROT_READ|PROT_WRITE, MAP_PRIVATE|MAP_FIXED|MAP_DENYWRITE, 6, 0x1000) = 0x7efd44879000
close(6)                                = 0
open("/etc/ld.so.cache", O_RDONLY|O_CLOEXEC) = 6
fstat(6, {st_mode=S_IFREG|0644, st_size=40227, ...}) = 0
mmap(NULL, 40227, PROT_READ, MAP_PRIVATE, 6, 0) = 0x7efd47272000
close(6)                                = 0
access("/etc/ld.so.nohwcap", F_OK)      = -1 ENOENT (No such file or directory)
open("/usr/lib/x86_64-linux-gnu/libpwquality.so.1", O_RDONLY|O_CLOEXEC) = 6
read(6, "\177ELF\2\1\1\0\0\0\0\0\0\0\0\0\3\0>\0\1\0\0\0000\22\0\0\0\0\0\0"..., 832) = 832
fstat(6, {st_mode=S_IFREG|0644, st_size=22936, ...}) = 0
mmap(NULL, 2118208, PROT_READ|PROT_EXEC, MAP_PRIVATE|MAP_DENYWRITE, 6, 0) = 0x7efd44472000
mprotect(0x7efd44477000, 2093056, PROT_NONE) = 0
mmap(0x7efd44676000, 8192, PROT_READ|PROT_WRITE, MAP_PRIVATE|MAP_FIXED|MAP_DENYWRITE, 6, 0x4000) = 0x7efd44676000
close(6)                                = 0
access("/etc/ld.so.nohwcap", F_OK)      = -1 ENOENT (No such file or directory)
open("/usr/lib/x86_64-linux-gnu/libcrack.so.2", O_RDONLY|O_CLOEXEC) = 6
read(6, "\177ELF\2\1\1\0\0\0\0\0\0\0\0\0\3\0>\0\1\0\0\0 7\0\0\0\0\0\0"..., 832) = 832
fstat(6, {st_mode=S_IFREG|0644, st_size=39256, ...}) = 0
mmap(NULL, 2149856, PROT_READ|PROT_EXEC, MAP_PRIVATE|MAP_DENYWRITE, 6, 0) = 0x7efd44265000
mprotect(0x7efd4426d000, 2097152, PROT_NONE) = 0
mmap(0x7efd4446d000, 8192, PROT_READ|PROT_WRITE, MAP_PRIVATE|MAP_FIXED|MAP_DENYWRITE, 6, 0x8000) = 0x7efd4446d000
mmap(0x7efd4446f000, 11744, PROT_READ|PROT_WRITE, MAP_PRIVATE|MAP_FIXED|MAP_ANONYMOUS, -1, 0) = 0x7efd4446f000
close(6)                                = 0
mprotect(0x7efd4446d000, 4096, PROT_READ) = 0
mprotect(0x7efd44676000, 4096, PROT_READ) = 0
mprotect(0x7efd44879000, 4096, PROT_READ) = 0
munmap(0x7efd47272000, 40227)           = 0
open("/lib/x86_64-linux-gnu/security/pam_krb5.so", O_RDONLY|O_CLOEXEC) = 6
read(6, "\177ELF\2\1\1\0\0\0\0\0\0\0\0\0\3\0>\0\1\0\0\0\0.\0\0\0\0\0\0"..., 832) = 832
fstat(6, {st_mode=S_IFREG|0644, st_size=59304, ...}) = 0
mmap(NULL, 2154512, PROT_READ|PROT_EXEC, MAP_PRIVATE|MAP_DENYWRITE, 6, 0) = 0x7efd44056000
mprotect(0x7efd44063000, 2097152, PROT_NONE) = 0
mmap(0x7efd44263000, 8192, PROT_READ|PROT_WRITE, MAP_PRIVATE|MAP_FIXED|MAP_DENYWRITE, 6, 0xd000) = 0x7efd44263000
close(6)                                = 0
open("/etc/ld.so.cache", O_RDONLY|O_CLOEXEC) = 6
fstat(6, {st_mode=S_IFREG|0644, st_size=40227, ...}) = 0
mmap(NULL, 40227, PROT_READ, MAP_PRIVATE, 6, 0) = 0x7efd47272000
close(6)                                = 0
access("/etc/ld.so.nohwcap", F_OK)      = -1 ENOENT (No such file or directory)
open("/usr/lib/x86_64-linux-gnu/libkrb5.so.3", O_RDONLY|O_CLOEXEC) = 6
read(6, "\177ELF\2\1\1\0\0\0\0\0\0\0\0\0\3\0>\0\1\0\0\0\20\v\2\0\0\0\0\0"..., 832) = 832
fstat(6, {st_mode=S_IFREG|0644, st_size=860392, ...}) = 0
mmap(NULL, 2956192, PROT_READ|PROT_EXEC, MAP_PRIVATE|MAP_DENYWRITE, 6, 0) = 0x7efd43d84000
mprotect(0x7efd43e47000, 2097152, PROT_NONE) = 0
mmap(0x7efd44047000, 61440, PROT_READ|PROT_WRITE, MAP_PRIVATE|MAP_FIXED|MAP_DENYWRITE, 6, 0xc3000) = 0x7efd44047000
close(6)                                = 0
access("/etc/ld.so.nohwcap", F_OK)      = -1 ENOENT (No such file or directory)
open("/usr/lib/x86_64-linux-gnu/libk5crypto.so.3", O_RDONLY|O_CLOEXEC) = 6
read(6, "\177ELF\2\1\1\0\0\0\0\0\0\0\0\0\3\0>\0\1\0\0\0\220?\0\0\0\0\0\0"..., 832) = 832
fstat(6, {st_mode=S_IFREG|0644, st_size=186872, ...}) = 0
mmap(NULL, 2285688, PROT_READ|PROT_EXEC, MAP_PRIVATE|MAP_DENYWRITE, 6, 0) = 0x7efd43b55000
mprotect(0x7efd43b81000, 2093056, PROT_NONE) = 0
mmap(0x7efd43d80000, 12288, PROT_READ|PROT_WRITE, MAP_PRIVATE|MAP_FIXED|MAP_DENYWRITE, 6, 0x2b000) = 0x7efd43d80000
mmap(0x7efd43d83000, 120, PROT_READ|PROT_WRITE, MAP_PRIVATE|MAP_FIXED|MAP_ANONYMOUS, -1, 0) = 0x7efd43d83000
close(6)                                = 0
access("/etc/ld.so.nohwcap", F_OK)      = -1 ENOENT (No such file or directory)
open("/lib/x86_64-linux-gnu/libcom_err.so.2", O_RDONLY|O_CLOEXEC) = 6
read(6, "\177ELF\2\1\1\0\0\0\0\0\0\0\0\0\3\0>\0\1\0\0\0@\24\0\0\0\0\0\0"..., 832) = 832
fstat(6, {st_mode=S_IFREG|0644, st_size=14648, ...}) = 0
mmap(NULL, 2109896, PROT_READ|PROT_EXEC, MAP_PRIVATE|MAP_DENYWRITE, 6, 0) = 0x7efd43951000
mprotect(0x7efd43954000, 2093056, PROT_NONE) = 0
mmap(0x7efd43b53000, 8192, PROT_READ|PROT_WRITE, MAP_PRIVATE|MAP_FIXED|MAP_DENYWRITE, 6, 0x2000) = 0x7efd43b53000
close(6)                                = 0
access("/etc/ld.so.nohwcap", F_OK)      = -1 ENOENT (No such file or directory)
open("/usr/lib/x86_64-linux-gnu/libkrb5support.so.0", O_RDONLY|O_CLOEXEC) = 6
read(6, "\177ELF\2\1\1\0\0\0\0\0\0\0\0\0\3\0>\0\1\0\0\0\320&\0\0\0\0\0\0"..., 832) = 832
fstat(6, {st_mode=S_IFREG|0644, st_size=43664, ...}) = 0
mmap(NULL, 2139080, PROT_READ|PROT_EXEC, MAP_PRIVATE|MAP_DENYWRITE, 6, 0) = 0x7efd43746000
mprotect(0x7efd43750000, 2093056, PROT_NONE) = 0
mmap(0x7efd4394f000, 8192, PROT_READ|PROT_WRITE, MAP_PRIVATE|MAP_FIXED|MAP_DENYWRITE, 6, 0x9000) = 0x7efd4394f000
close(6)                                = 0
access("/etc/ld.so.nohwcap", F_OK)      = -1 ENOENT (No such file or directory)
open("/lib/x86_64-linux-gnu/libkeyutils.so.1", O_RDONLY|O_CLOEXEC) = 6
read(6, "\177ELF\2\1\1\0\0\0\0\0\0\0\0\0\3\0>\0\1\0\0\0\300\22\0\0\0\0\0\0"..., 832) = 832
fstat(6, {st_mode=S_IFREG|0644, st_size=14256, ...}) = 0
mmap(NULL, 2109456, PROT_READ|PROT_EXEC, MAP_PRIVATE|MAP_DENYWRITE, 6, 0) = 0x7efd43542000
mprotect(0x7efd43545000, 2093056, PROT_NONE) = 0
mmap(0x7efd43744000, 8192, PROT_READ|PROT_WRITE, MAP_PRIVATE|MAP_FIXED|MAP_DENYWRITE, 6, 0x2000) = 0x7efd43744000
close(6)                                = 0
access("/etc/ld.so.nohwcap", F_OK)      = -1 ENOENT (No such file or directory)
open("/lib/x86_64-linux-gnu/libresolv.so.2", O_RDONLY|O_CLOEXEC) = 6
read(6, "\177ELF\2\1\1\0\0\0\0\0\0\0\0\0\3\0>\0\1\0\0\0P9\0\0\0\0\0\0"..., 832) = 832
fstat(6, {st_mode=S_IFREG|0644, st_size=101200, ...}) = 0
mmap(NULL, 2206280, PROT_READ|PROT_EXEC, MAP_PRIVATE|MAP_DENYWRITE, 6, 0) = 0x7efd43327000
mprotect(0x7efd4333e000, 2097152, PROT_NONE) = 0
mmap(0x7efd4353e000, 8192, PROT_READ|PROT_WRITE, MAP_PRIVATE|MAP_FIXED|MAP_DENYWRITE, 6, 0x17000) = 0x7efd4353e000
mmap(0x7efd43540000, 6728, PROT_READ|PROT_WRITE, MAP_PRIVATE|MAP_FIXED|MAP_ANONYMOUS, -1, 0) = 0x7efd43540000
close(6)                                = 0
mprotect(0x7efd4353e000, 4096, PROT_READ) = 0
mprotect(0x7efd43744000, 4096, PROT_READ) = 0
mprotect(0x7efd4394f000, 4096, PROT_READ) = 0
mprotect(0x7efd43b53000, 4096, PROT_READ) = 0
mprotect(0x7efd43d80000, 8192, PROT_READ) = 0
mprotect(0x7efd44047000, 53248, PROT_READ) = 0
mprotect(0x7efd44263000, 4096, PROT_READ) = 0
munmap(0x7efd47272000, 40227)           = 0
open("/lib/x86_64-linux-gnu/security/pam_unix.so", O_RDONLY|O_CLOEXEC) = 6
read(6, "\177ELF\2\1\1\0\0\0\0\0\0\0\0\0\3\0>\0\1\0\0\0`)\0\0\0\0\0\0"..., 832) = 832
fstat(6, {st_mode=S_IFREG|0644, st_size=60336, ...}) = 0
mmap(NULL, 2204640, PROT_READ|PROT_EXEC, MAP_PRIVATE|MAP_DENYWRITE, 6, 0) = 0x7efd4310c000
mprotect(0x7efd4311a000, 2093056, PROT_NONE) = 0
mmap(0x7efd43319000, 8192, PROT_READ|PROT_WRITE, MAP_PRIVATE|MAP_FIXED|MAP_DENYWRITE, 6, 0xd000) = 0x7efd43319000
mmap(0x7efd4331b000, 46048, PROT_READ|PROT_WRITE, MAP_PRIVATE|MAP_FIXED|MAP_ANONYMOUS, -1, 0) = 0x7efd4331b000
close(6)                                = 0
open("/etc/ld.so.cache", O_RDONLY|O_CLOEXEC) = 6
fstat(6, {st_mode=S_IFREG|0644, st_size=40227, ...}) = 0
mmap(NULL, 40227, PROT_READ, MAP_PRIVATE, 6, 0) = 0x7efd47272000
close(6)                                = 0
access("/etc/ld.so.nohwcap", F_OK)      = -1 ENOENT (No such file or directory)
open("/lib/x86_64-linux-gnu/libcrypt.so.1", O_RDONLY|O_CLOEXEC) = 6
read(6, "\177ELF\2\1\1\0\0\0\0\0\0\0\0\0\3\0>\0\1\0\0\0@\v\0\0\0\0\0\0"..., 832) = 832
fstat(6, {st_mode=S_IFREG|0644, st_size=39224, ...}) = 0
mmap(NULL, 2322912, PROT_READ|PROT_EXEC, MAP_PRIVATE|MAP_DENYWRITE, 6, 0) = 0x7efd42ed4000
mprotect(0x7efd42edd000, 2093056, PROT_NONE) = 0
mmap(0x7efd430dc000, 8192, PROT_READ|PROT_WRITE, MAP_PRIVATE|MAP_FIXED|MAP_DENYWRITE, 6, 0x8000) = 0x7efd430dc000
mmap(0x7efd430de000, 184800, PROT_READ|PROT_WRITE, MAP_PRIVATE|MAP_FIXED|MAP_ANONYMOUS, -1, 0) = 0x7efd430de000
close(6)                                = 0
mprotect(0x7efd430dc000, 4096, PROT_READ) = 0
mprotect(0x7efd43319000, 4096, PROT_READ) = 0
munmap(0x7efd47272000, 40227)           = 0
open("/lib/x86_64-linux-gnu/security/pam_sss.so", O_RDONLY|O_CLOEXEC) = 6
read(6, "\177ELF\2\1\1\0\0\0\0\0\0\0\0\0\3\0>\0\1\0\0\0\360\35\0\0\0\0\0\0"..., 832) = 832
fstat(6, {st_mode=S_IFREG|0644, st_size=35512, ...}) = 0
mmap(NULL, 2130832, PROT_READ|PROT_EXEC, MAP_PRIVATE|MAP_DENYWRITE, 6, 0) = 0x7efd42ccb000
mprotect(0x7efd42cd3000, 2093056, PROT_NONE) = 0
mmap(0x7efd42ed2000, 8192, PROT_READ|PROT_WRITE, MAP_PRIVATE|MAP_FIXED|MAP_DENYWRITE, 6, 0x7000) = 0x7efd42ed2000
close(6)                                = 0
mprotect(0x7efd42ed2000, 4096, PROT_READ) = 0
open("/lib/x86_64-linux-gnu/security/pam_ldap.so", O_RDONLY|O_CLOEXEC) = 6
read(6, "\177ELF\2\1\1\0\0\0\0\0\0\0\0\0\3\0>\0\1\0\0\0\360\37\0\0\0\0\0\0"..., 832) = 832
fstat(6, {st_mode=S_IFREG|0644, st_size=47792, ...}) = 0
mmap(NULL, 2142888, PROT_READ|PROT_EXEC, MAP_PRIVATE|MAP_DENYWRITE, 6, 0) = 0x7efd42abf000
mprotect(0x7efd42ac9000, 2097152, PROT_NONE) = 0
mmap(0x7efd42cc9000, 8192, PROT_READ|PROT_WRITE, MAP_PRIVATE|MAP_FIXED|MAP_DENYWRITE, 6, 0xa000) = 0x7efd42cc9000
close(6)                                = 0
open("/etc/ld.so.cache", O_RDONLY|O_CLOEXEC) = 6
fstat(6, {st_mode=S_IFREG|0644, st_size=40227, ...}) = 0
mmap(NULL, 40227, PROT_READ, MAP_PRIVATE, 6, 0) = 0x7efd47272000
close(6)                                = 0
access("/etc/ld.so.nohwcap", F_OK)      = -1 ENOENT (No such file or directory)
open("/usr/lib/x86_64-linux-gnu/libldap_r-2.4.so.2", O_RDONLY|O_CLOEXEC) = 6
read(6, "\177ELF\2\1\1\0\0\0\0\0\0\0\0\0\3\0>\0\1\0\0\0\360\307\0\0\0\0\0\0"..., 832) = 832
fstat(6, {st_mode=S_IFREG|0644, st_size=322928, ...}) = 0
mmap(NULL, 2427592, PROT_READ|PROT_EXEC, MAP_PRIVATE|MAP_DENYWRITE, 6, 0) = 0x7efd4286e000
mprotect(0x7efd428bb000, 2093056, PROT_NONE) = 0
mmap(0x7efd42aba000, 12288, PROT_READ|PROT_WRITE, MAP_PRIVATE|MAP_FIXED|MAP_DENYWRITE, 6, 0x4c000) = 0x7efd42aba000
mmap(0x7efd42abd000, 6856, PROT_READ|PROT_WRITE, MAP_PRIVATE|MAP_FIXED|MAP_ANONYMOUS, -1, 0) = 0x7efd42abd000
close(6)                                = 0
access("/etc/ld.so.nohwcap", F_OK)      = -1 ENOENT (No such file or directory)
open("/usr/lib/x86_64-linux-gnu/liblber-2.4.so.2", O_RDONLY|O_CLOEXEC) = 6
read(6, "\177ELF\2\1\1\0\0\0\0\0\0\0\0\0\3\0>\0\1\0\0\0\340)\0\0\0\0\0\0"..., 832) = 832
fstat(6, {st_mode=S_IFREG|0644, st_size=59640, ...}) = 0
mmap(NULL, 2154984, PROT_READ|PROT_EXEC, MAP_PRIVATE|MAP_DENYWRITE, 6, 0) = 0x7efd4265f000
mprotect(0x7efd4266c000, 2097152, PROT_NONE) = 0
mmap(0x7efd4286c000, 8192, PROT_READ|PROT_WRITE, MAP_PRIVATE|MAP_FIXED|MAP_DENYWRITE, 6, 0xd000) = 0x7efd4286c000
close(6)                                = 0
access("/etc/ld.so.nohwcap", F_OK)      = -1 ENOENT (No such file or directory)
open("/usr/lib/x86_64-linux-gnu/libsasl2.so.2", O_RDONLY|O_CLOEXEC) = 6
read(6, "\177ELF\2\1\1\0\0\0\0\0\0\0\0\0\3\0>\0\1\0\0\0@)\0\0\0\0\0\0"..., 832) = 832
fstat(6, {st_mode=S_IFREG|0644, st_size=109296, ...}) = 0
mmap(NULL, 2204648, PROT_READ|PROT_EXEC, MAP_PRIVATE|MAP_DENYWRITE, 6, 0) = 0x7efd42444000
mprotect(0x7efd4245d000, 2097152, PROT_NONE) = 0
mmap(0x7efd4265d000, 8192, PROT_READ|PROT_WRITE, MAP_PRIVATE|MAP_FIXED|MAP_DENYWRITE, 6, 0x19000) = 0x7efd4265d000
close(6)                                = 0
access("/etc/ld.so.nohwcap", F_OK)      = -1 ENOENT (No such file or directory)
open("/usr/lib/x86_64-linux-gnu/libgssapi.so.3", O_RDONLY|O_CLOEXEC) = 6
read(6, "\177ELF\2\1\1\0\0\0\0\0\0\0\0\0\3\0>\0\1\0\0\0\340\331\0\0\0\0\0\0"..., 832) = 832
fstat(6, {st_mode=S_IFREG|0644, st_size=264256, ...}) = 0
mmap(NULL, 2359640, PROT_READ|PROT_EXEC, MAP_PRIVATE|MAP_DENYWRITE, 6, 0) = 0x7efd42203000
mprotect(0x7efd42240000, 2097152, PROT_NONE) = 0
mmap(0x7efd42440000, 12288, PROT_READ|PROT_WRITE, MAP_PRIVATE|MAP_FIXED|MAP_DENYWRITE, 6, 0x3d000) = 0x7efd42440000
mmap(0x7efd42443000, 344, PROT_READ|PROT_WRITE, MAP_PRIVATE|MAP_FIXED|MAP_ANONYMOUS, -1, 0) = 0x7efd42443000
close(6)                                = 0
access("/etc/ld.so.nohwcap", F_OK)      = -1 ENOENT (No such file or directory)
open("/usr/lib/x86_64-linux-gnu/libgnutls.so.30", O_RDONLY|O_CLOEXEC) = 6
read(6, "\177ELF\2\1\1\0\0\0\0\0\0\0\0\0\3\0>\0\1\0\0\0\300R\2\0\0\0\0\0"..., 832) = 832
fstat(6, {st_mode=S_IFREG|0644, st_size=1239440, ...}) = 0
mmap(NULL, 3338624, PROT_READ|PROT_EXEC, MAP_PRIVATE|MAP_DENYWRITE, 6, 0) = 0x7efd41ed3000
mprotect(0x7efd41ff6000, 2093056, PROT_NONE) = 0
mmap(0x7efd421f5000, 53248, PROT_READ|PROT_WRITE, MAP_PRIVATE|MAP_FIXED|MAP_DENYWRITE, 6, 0x122000) = 0x7efd421f5000
mmap(0x7efd42202000, 384, PROT_READ|PROT_WRITE, MAP_PRIVATE|MAP_FIXED|MAP_ANONYMOUS, -1, 0) = 0x7efd42202000
close(6)                                = 0
access("/etc/ld.so.nohwcap", F_OK)      = -1 ENOENT (No such file or directory)
open("/usr/lib/x86_64-linux-gnu/libheimntlm.so.0", O_RDONLY|O_CLOEXEC) = 6
read(6, "\177ELF\2\1\1\0\0\0\0\0\0\0\0\0\3\0>\0\1\0\0\0p*\0\0\0\0\0\0"..., 832) = 832
fstat(6, {st_mode=S_IFREG|0644, st_size=35920, ...}) = 0
mmap(NULL, 2130928, PROT_READ|PROT_EXEC, MAP_PRIVATE|MAP_DENYWRITE, 6, 0) = 0x7efd41cca000
mprotect(0x7efd41cd2000, 2093056, PROT_NONE) = 0
mmap(0x7efd41ed1000, 8192, PROT_READ|PROT_WRITE, MAP_PRIVATE|MAP_FIXED|MAP_DENYWRITE, 6, 0x7000) = 0x7efd41ed1000
close(6)                                = 0
access("/etc/ld.so.nohwcap", F_OK)      = -1 ENOENT (No such file or directory)
open("/usr/lib/x86_64-linux-gnu/libkrb5.so.26", O_RDONLY|O_CLOEXEC) = 6
read(6, "\177ELF\2\1\1\0\0\0\0\0\0\0\0\0\3\0>\0\1\0\0\0\300\302\1\0\0\0\0\0"..., 832) = 832
fstat(6, {st_mode=S_IFREG|0644, st_size=560808, ...}) = 0
mmap(NULL, 2658672, PROT_READ|PROT_EXEC, MAP_PRIVATE|MAP_DENYWRITE, 6, 0) = 0x7efd41a40000
mprotect(0x7efd41ac4000, 2093056, PROT_NONE) = 0
mmap(0x7efd41cc3000, 24576, PROT_READ|PROT_WRITE, MAP_PRIVATE|MAP_FIXED|MAP_DENYWRITE, 6, 0x83000) = 0x7efd41cc3000
mmap(0x7efd41cc9000, 368, PROT_READ|PROT_WRITE, MAP_PRIVATE|MAP_FIXED|MAP_ANONYMOUS, -1, 0) = 0x7efd41cc9000
close(6)                                = 0
access("/etc/ld.so.nohwcap", F_OK)      = -1 ENOENT (No such file or directory)
open("/usr/lib/x86_64-linux-gnu/libasn1.so.8", O_RDONLY|O_CLOEXEC) = 6
read(6, "\177ELF\2\1\1\0\0\0\0\0\0\0\0\0\3\0>\0\1\0\0\0\0\232\1\0\0\0\0\0"..., 832) = 832
fstat(6, {st_mode=S_IFREG|0644, st_size=661872, ...}) = 0
mmap(NULL, 2756880, PROT_READ|PROT_EXEC, MAP_PRIVATE|MAP_DENYWRITE, 6, 0) = 0x7efd4179e000
mprotect(0x7efd4183d000, 2093056, PROT_NONE) = 0
mmap(0x7efd41a3c000, 16384, PROT_READ|PROT_WRITE, MAP_PRIVATE|MAP_FIXED|MAP_DENYWRITE, 6, 0x9e000) = 0x7efd41a3c000
close(6)                                = 0
access("/etc/ld.so.nohwcap", F_OK)      = -1 ENOENT (No such file or directory)
open("/usr/lib/x86_64-linux-gnu/libhcrypto.so.4", O_RDONLY|O_CLOEXEC) = 6
read(6, "\177ELF\2\1\1\0\0\0\0\0\0\0\0\0\3\0>\0\1\0\0\0pg\0\0\0\0\0\0"..., 832) = 832
fstat(6, {st_mode=S_IFREG|0644, st_size=204168, ...}) = 0
mmap(NULL, 2303016, PROT_READ|PROT_EXEC, MAP_PRIVATE|MAP_DENYWRITE, 6, 0) = 0x7efd4156b000
mprotect(0x7efd4159b000, 2097152, PROT_NONE) = 0
mmap(0x7efd4179b000, 8192, PROT_READ|PROT_WRITE, MAP_PRIVATE|MAP_FIXED|MAP_DENYWRITE, 6, 0x30000) = 0x7efd4179b000
mmap(0x7efd4179d000, 1064, PROT_READ|PROT_WRITE, MAP_PRIVATE|MAP_FIXED|MAP_ANONYMOUS, -1, 0) = 0x7efd4179d000
close(6)                                = 0
access("/etc/ld.so.nohwcap", F_OK)      = -1 ENOENT (No such file or directory)
open("/usr/lib/x86_64-linux-gnu/libroken.so.18", O_RDONLY|O_CLOEXEC) = 6
read(6, "\177ELF\2\1\1\0\0\0\0\0\0\0\0\0\3\0>\0\1\0\0\0\320N\0\0\0\0\0\0"..., 832) = 832
fstat(6, {st_mode=S_IFREG|0644, st_size=89904, ...}) = 0
mmap(NULL, 2185320, PROT_READ|PROT_EXEC, MAP_PRIVATE|MAP_DENYWRITE, 6, 0) = 0x7efd41355000
mprotect(0x7efd4136a000, 2093056, PROT_NONE) = 0
mmap(0x7efd41569000, 8192, PROT_READ|PROT_WRITE, MAP_PRIVATE|MAP_FIXED|MAP_DENYWRITE, 6, 0x14000) = 0x7efd41569000
close(6)                                = 0
access("/etc/ld.so.nohwcap", F_OK)      = -1 ENOENT (No such file or directory)
open("/lib/x86_64-linux-gnu/libz.so.1", O_RDONLY|O_CLOEXEC) = 6
read(6, "\177ELF\2\1\1\0\0\0\0\0\0\0\0\0\3\0>\0\1\0\0\0\260\35\0\0\0\0\0\0"..., 832) = 832
fstat(6, {st_mode=S_IFREG|0644, st_size=104864, ...}) = 0
mmap(NULL, 2199848, PROT_READ|PROT_EXEC, MAP_PRIVATE|MAP_DENYWRITE, 6, 0) = 0x7efd4113b000
mprotect(0x7efd41154000, 2093056, PROT_NONE) = 0
mmap(0x7efd41353000, 8192, PROT_READ|PROT_WRITE, MAP_PRIVATE|MAP_FIXED|MAP_DENYWRITE, 6, 0x18000) = 0x7efd41353000
close(6)                                = 0
access("/etc/ld.so.nohwcap", F_OK)      = -1 ENOENT (No such file or directory)
open("/usr/lib/x86_64-linux-gnu/libp11-kit.so.0", O_RDONLY|O_CLOEXEC) = 6
read(6, "\177ELF\2\1\1\0\0\0\0\0\0\0\0\0\3\0>\0\1\0\0\0p\24\1\0\0\0\0\0"..., 832) = 832
fstat(6, {st_mode=S_IFREG|0644, st_size=408472, ...}) = 0
mmap(NULL, 2504592, PROT_READ|PROT_EXEC, MAP_PRIVATE|MAP_DENYWRITE, 6, 0) = 0x7efd40ed7000
mprotect(0x7efd40f30000, 2093056, PROT_NONE) = 0
mmap(0x7efd4112f000, 49152, PROT_READ|PROT_WRITE, MAP_PRIVATE|MAP_FIXED|MAP_DENYWRITE, 6, 0x58000) = 0x7efd4112f000
close(6)                                = 0
access("/etc/ld.so.nohwcap", F_OK)      = -1 ENOENT (No such file or directory)
open("/usr/lib/x86_64-linux-gnu/libidn.so.11", O_RDONLY|O_CLOEXEC) = 6
read(6, "\177ELF\2\1\1\0\0\0\0\0\0\0\0\0\3\0>\0\1\0\0\0p+\0\0\0\0\0\0"..., 832) = 832
fstat(6, {st_mode=S_IFREG|0644, st_size=207208, ...}) = 0
mmap(NULL, 2302192, PROT_READ|PROT_EXEC, MAP_PRIVATE|MAP_DENYWRITE, 6, 0) = 0x7efd40ca4000
mprotect(0x7efd40cd5000, 2097152, PROT_NONE) = 0
mmap(0x7efd40ed5000, 8192, PROT_READ|PROT_WRITE, MAP_PRIVATE|MAP_FIXED|MAP_DENYWRITE, 6, 0x31000) = 0x7efd40ed5000
close(6)                                = 0
access("/etc/ld.so.nohwcap", F_OK)      = -1 ENOENT (No such file or directory)
open("/usr/lib/x86_64-linux-gnu/libtasn1.so.6", O_RDONLY|O_CLOEXEC) = 6
read(6, "\177ELF\2\1\1\0\0\0\0\0\0\0\0\0\3\0>\0\1\0\0\0\340)\0\0\0\0\0\0"..., 832) = 832
fstat(6, {st_mode=S_IFREG|0644, st_size=76192, ...}) = 0
mmap(NULL, 2171912, PROT_READ|PROT_EXEC, MAP_PRIVATE|MAP_DENYWRITE, 6, 0) = 0x7efd40a91000
mprotect(0x7efd40aa2000, 2097152, PROT_NONE) = 0
mmap(0x7efd40ca2000, 8192, PROT_READ|PROT_WRITE, MAP_PRIVATE|MAP_FIXED|MAP_DENYWRITE, 6, 0x11000) = 0x7efd40ca2000
close(6)                                = 0
access("/etc/ld.so.nohwcap", F_OK)      = -1 ENOENT (No such file or directory)
open("/usr/lib/x86_64-linux-gnu/libnettle.so.6", O_RDONLY|O_CLOEXEC) = 6
read(6, "\177ELF\2\1\1\0\0\0\0\0\0\0\0\0\3\0>\0\1\0\0\0`~\0\0\0\0\0\0"..., 832) = 832
fstat(6, {st_mode=S_IFREG|0644, st_size=219336, ...}) = 0
mmap(NULL, 2314384, PROT_READ|PROT_EXEC, MAP_PRIVATE|MAP_DENYWRITE, 6, 0) = 0x7efd4085b000
mprotect(0x7efd4088f000, 2093056, PROT_NONE) = 0
mmap(0x7efd40a8e000, 12288, PROT_READ|PROT_WRITE, MAP_PRIVATE|MAP_FIXED|MAP_DENYWRITE, 6, 0x33000) = 0x7efd40a8e000
close(6)                                = 0
access("/etc/ld.so.nohwcap", F_OK)      = -1 ENOENT (No such file or directory)
open("/usr/lib/x86_64-linux-gnu/libhogweed.so.4", O_RDONLY|O_CLOEXEC) = 6
read(6, "\177ELF\2\1\1\0\0\0\0\0\0\0\0\0\3\0>\0\1\0\0\0\340e\0\0\0\0\0\0"..., 832) = 832
fstat(6, {st_mode=S_IFREG|0644, st_size=207640, ...}) = 0
mmap(NULL, 2302656, PROT_READ|PROT_EXEC, MAP_PRIVATE|MAP_DENYWRITE, 6, 0) = 0x7efd40628000
mprotect(0x7efd4065a000, 2093056, PROT_NONE) = 0
mmap(0x7efd40859000, 8192, PROT_READ|PROT_WRITE, MAP_PRIVATE|MAP_FIXED|MAP_DENYWRITE, 6, 0x31000) = 0x7efd40859000
close(6)                                = 0
access("/etc/ld.so.nohwcap", F_OK)      = -1 ENOENT (No such file or directory)
open("/usr/lib/x86_64-linux-gnu/libgmp.so.10", O_RDONLY|O_CLOEXEC) = 6
read(6, "\177ELF\2\1\1\0\0\0\0\0\0\0\0\0\3\0>\0\1\0\0\0\300\223\0\0\0\0\0\0"..., 832) = 832
fstat(6, {st_mode=S_IFREG|0644, st_size=522664, ...}) = 0
mmap(NULL, 2617792, PROT_READ|PROT_EXEC, MAP_PRIVATE|MAP_DENYWRITE, 6, 0) = 0x7efd403a8000
mprotect(0x7efd40427000, 2093056, PROT_NONE) = 0
mmap(0x7efd40626000, 8192, PROT_READ|PROT_WRITE, MAP_PRIVATE|MAP_FIXED|MAP_DENYWRITE, 6, 0x7e000) = 0x7efd40626000
close(6)                                = 0
access("/etc/ld.so.nohwcap", F_OK)      = -1 ENOENT (No such file or directory)
open("/usr/lib/x86_64-linux-gnu/libwind.so.0", O_RDONLY|O_CLOEXEC) = 6
read(6, "\177ELF\2\1\1\0\0\0\0\0\0\0\0\0\3\0>\0\1\0\0\0\240\16\0\0\0\0\0\0"..., 832) = 832
fstat(6, {st_mode=S_IFREG|0644, st_size=166128, ...}) = 0
mmap(NULL, 2261136, PROT_READ|PROT_EXEC, MAP_PRIVATE|MAP_DENYWRITE, 6, 0) = 0x7efd4017f000
mprotect(0x7efd401a6000, 2097152, PROT_NONE) = 0
mmap(0x7efd403a6000, 8192, PROT_READ|PROT_WRITE, MAP_PRIVATE|MAP_FIXED|MAP_DENYWRITE, 6, 0x27000) = 0x7efd403a6000
close(6)                                = 0
access("/etc/ld.so.nohwcap", F_OK)      = -1 ENOENT (No such file or directory)
open("/usr/lib/x86_64-linux-gnu/libheimbase.so.1", O_RDONLY|O_CLOEXEC) = 6
read(6, "\177ELF\2\1\1\0\0\0\0\0\0\0\0\0\3\0>\0\1\0\0\0\300(\0\0\0\0\0\0"..., 832) = 832
fstat(6, {st_mode=S_IFREG|0644, st_size=60928, ...}) = 0
mmap(NULL, 2157176, PROT_READ|PROT_EXEC, MAP_PRIVATE|MAP_DENYWRITE, 6, 0) = 0x7efd3ff70000
mprotect(0x7efd3ff7e000, 2093056, PROT_NONE) = 0
mmap(0x7efd4017d000, 8192, PROT_READ|PROT_WRITE, MAP_PRIVATE|MAP_FIXED|MAP_DENYWRITE, 6, 0xd000) = 0x7efd4017d000
close(6)                                = 0
access("/etc/ld.so.nohwcap", F_OK)      = -1 ENOENT (No such file or directory)
open("/usr/lib/x86_64-linux-gnu/libhx509.so.5", O_RDONLY|O_CLOEXEC) = 6
read(6, "\177ELF\2\1\1\0\0\0\0\0\0\0\0\0\3\0>\0\1\0\0\0 \20\1\0\0\0\0\0"..., 832) = 832
fstat(6, {st_mode=S_IFREG|0644, st_size=304072, ...}) = 0
mmap(NULL, 2400264, PROT_READ|PROT_EXEC, MAP_PRIVATE|MAP_DENYWRITE, 6, 0) = 0x7efd3fd25000
mprotect(0x7efd3fd6c000, 2093056, PROT_NONE) = 0
mmap(0x7efd3ff6b000, 16384, PROT_READ|PROT_WRITE, MAP_PRIVATE|MAP_FIXED|MAP_DENYWRITE, 6, 0x46000) = 0x7efd3ff6b000
mmap(0x7efd3ff6f000, 8, PROT_READ|PROT_WRITE, MAP_PRIVATE|MAP_FIXED|MAP_ANONYMOUS, -1, 0) = 0x7efd3ff6f000
close(6)                                = 0
access("/etc/ld.so.nohwcap", F_OK)      = -1 ENOENT (No such file or directory)
open("/usr/lib/x86_64-linux-gnu/libsqlite3.so.0", O_RDONLY|O_CLOEXEC) = 6
read(6, "\177ELF\2\1\1\0\0\0\0\0\0\0\0\0\3\0>\0\1\0\0\0\360\257\0\0\0\0\0\0"..., 832) = 832
fstat(6, {st_mode=S_IFREG|0644, st_size=866144, ...}) = 0
mmap(NULL, 2963160, PROT_READ|PROT_EXEC, MAP_PRIVATE|MAP_DENYWRITE, 6, 0) = 0x7efd3fa51000
mprotect(0x7efd3fb20000, 2093056, PROT_NONE) = 0
mmap(0x7efd3fd1f000, 20480, PROT_READ|PROT_WRITE, MAP_PRIVATE|MAP_FIXED|MAP_DENYWRITE, 6, 0xce000) = 0x7efd3fd1f000
mmap(0x7efd3fd24000, 1752, PROT_READ|PROT_WRITE, MAP_PRIVATE|MAP_FIXED|MAP_ANONYMOUS, -1, 0) = 0x7efd3fd24000
close(6)                                = 0
access("/etc/ld.so.nohwcap", F_OK)      = -1 ENOENT (No such file or directory)
open("/usr/lib/x86_64-linux-gnu/libffi.so.6", O_RDONLY|O_CLOEXEC) = 6
read(6, "\177ELF\2\1\1\0\0\0\0\0\0\0\0\0\3\0>\0\1\0\0\0\360\27\0\0\0\0\0\0"..., 832) = 832
fstat(6, {st_mode=S_IFREG|0644, st_size=31104, ...}) = 0
mmap(NULL, 2127368, PROT_READ|PROT_EXEC, MAP_PRIVATE|MAP_DENYWRITE, 6, 0) = 0x7efd3f849000
mprotect(0x7efd3f850000, 2093056, PROT_NONE) = 0
mmap(0x7efd3fa4f000, 8192, PROT_READ|PROT_WRITE, MAP_PRIVATE|MAP_FIXED|MAP_DENYWRITE, 6, 0x6000) = 0x7efd3fa4f000
close(6)                                = 0
mprotect(0x7efd3fa4f000, 4096, PROT_READ) = 0
mprotect(0x7efd3fd1f000, 12288, PROT_READ) = 0
mprotect(0x7efd41569000, 4096, PROT_READ) = 0
mprotect(0x7efd41a3c000, 4096, PROT_READ) = 0
mprotect(0x7efd4179b000, 4096, PROT_READ) = 0
mprotect(0x7efd403a6000, 4096, PROT_READ) = 0
mprotect(0x7efd4017d000, 4096, PROT_READ) = 0
mprotect(0x7efd3ff6b000, 8192, PROT_READ) = 0
mprotect(0x7efd40626000, 4096, PROT_READ) = 0
mprotect(0x7efd40a8e000, 8192, PROT_READ) = 0
mprotect(0x7efd40859000, 4096, PROT_READ) = 0
mprotect(0x7efd40ca2000, 4096, PROT_READ) = 0
mprotect(0x7efd40ed5000, 4096, PROT_READ) = 0
mprotect(0x7efd4112f000, 40960, PROT_READ) = 0
mprotect(0x7efd41353000, 4096, PROT_READ) = 0
mprotect(0x7efd41cc3000, 12288, PROT_READ) = 0
mprotect(0x7efd41ed1000, 4096, PROT_READ) = 0
mprotect(0x7efd421f5000, 45056, PROT_READ) = 0
mprotect(0x7efd42440000, 4096, PROT_READ) = 0
mprotect(0x7efd4265d000, 4096, PROT_READ) = 0
mprotect(0x7efd4286c000, 4096, PROT_READ) = 0
mprotect(0x7efd42aba000, 8192, PROT_READ) = 0
mprotect(0x7efd42cc9000, 4096, PROT_READ) = 0
futex(0x7efd4113a740, FUTEX_WAKE_PRIVATE, 2147483647) = 0
brk(0x561c3da75000)                     = 0x561c3da75000
open("/dev/urandom", O_RDONLY)          = 6
fcntl(6, F_GETFD)                       = 0
fcntl(6, F_SETFD, FD_CLOEXEC)           = 0
fstat(6, {st_mode=S_IFCHR|0666, st_rdev=makedev(1, 9), ...}) = 0
getrusage(0x1 /* RUSAGE_??? */, {ru_utime={0, 0}, ru_stime={0, 8000}, ...}) = 0
read(6, "\235\315\236\265\263N\374\350\253\375|\263\367\243e^\225ERnZU\33\37\251RtR\335\310\235_", 32) = 32
read(6, "\246\367\322Nq3M\211\364\200\305G\31M\306\347\354\343\224.\351\16\311\37~t\210\341\367:\236\245", 32) = 32
read(6, "x\306\17/Mt>\210", 8)          = 8
munmap(0x7efd47272000, 40227)           = 0
open("/lib/x86_64-linux-gnu/security/pam_deny.so", O_RDONLY|O_CLOEXEC) = 7
read(7, "\177ELF\2\1\1\0\0\0\0\0\0\0\0\0\3\0>\0\1\0\0\0\260\5\0\0\0\0\0\0"..., 832) = 832
fstat(7, {st_mode=S_IFREG|0644, st_size=6000, ...}) = 0
mmap(NULL, 2101288, PROT_READ|PROT_EXEC, MAP_PRIVATE|MAP_DENYWRITE, 7, 0) = 0x7efd3f647000
mprotect(0x7efd3f648000, 2093056, PROT_NONE) = 0
mmap(0x7efd3f847000, 8192, PROT_READ|PROT_WRITE, MAP_PRIVATE|MAP_FIXED|MAP_DENYWRITE, 7, 0) = 0x7efd3f847000
close(7)                                = 0
mprotect(0x7efd3f847000, 4096, PROT_READ) = 0
open("/lib/x86_64-linux-gnu/security/pam_permit.so", O_RDONLY|O_CLOEXEC) = 7
read(7, "\177ELF\2\1\1\0\0\0\0\0\0\0\0\0\3\0>\0\1\0\0\0\360\6\0\0\0\0\0\0"..., 832) = 832
fstat(7, {st_mode=S_IFREG|0644, st_size=6168, ...}) = 0
mmap(NULL, 2101312, PROT_READ|PROT_EXEC, MAP_PRIVATE|MAP_DENYWRITE, 7, 0) = 0x7efd3f445000
mprotect(0x7efd3f446000, 2093056, PROT_NONE) = 0
mmap(0x7efd3f645000, 8192, PROT_READ|PROT_WRITE, MAP_PRIVATE|MAP_FIXED|MAP_DENYWRITE, 7, 0) = 0x7efd3f645000
close(7)                                = 0
mprotect(0x7efd3f645000, 4096, PROT_READ) = 0
open("/lib/x86_64-linux-gnu/security/pam_gnome_keyring.so", O_RDONLY|O_CLOEXEC) = -1 ENOENT (No such file or directory)
open("/lib/security/pam_gnome_keyring.so", O_RDONLY|O_CLOEXEC) = -1 ENOENT (No such file or directory)
open("/usr/share/locale/locale.alias", O_RDONLY|O_CLOEXEC) = 7
fstat(7, {st_mode=S_IFREG|0644, st_size=2995, ...}) = 0
read(7, "# Locale name alias data base.\n#"..., 4096) = 2995
read(7, "", 4096)                       = 0
close(7)                                = 0
open("/usr/share/locale/en_US.UTF-8/LC_MESSAGES/libc.mo", O_RDONLY) = -1 ENOENT (No such file or directory)
open("/usr/share/locale/en_US.utf8/LC_MESSAGES/libc.mo", O_RDONLY) = -1 ENOENT (No such file or directory)
open("/usr/share/locale/en_US/LC_MESSAGES/libc.mo", O_RDONLY) = -1 ENOENT (No such file or directory)
open("/usr/share/locale/en.UTF-8/LC_MESSAGES/libc.mo", O_RDONLY) = -1 ENOENT (No such file or directory)
open("/usr/share/locale/en.utf8/LC_MESSAGES/libc.mo", O_RDONLY) = -1 ENOENT (No such file or directory)
open("/usr/share/locale/en/LC_MESSAGES/libc.mo", O_RDONLY) = -1 ENOENT (No such file or directory)
open("/usr/share/locale-langpack/en_US.UTF-8/LC_MESSAGES/libc.mo", O_RDONLY) = -1 ENOENT (No such file or directory)
open("/usr/share/locale-langpack/en_US.utf8/LC_MESSAGES/libc.mo", O_RDONLY) = -1 ENOENT (No such file or directory)
open("/usr/share/locale-langpack/en_US/LC_MESSAGES/libc.mo", O_RDONLY) = -1 ENOENT (No such file or directory)
open("/usr/share/locale-langpack/en.UTF-8/LC_MESSAGES/libc.mo", O_RDONLY) = -1 ENOENT (No such file or directory)
open("/usr/share/locale-langpack/en.utf8/LC_MESSAGES/libc.mo", O_RDONLY) = -1 ENOENT (No such file or directory)
open("/usr/share/locale-langpack/en/LC_MESSAGES/libc.mo", O_RDONLY) = -1 ENOENT (No such file or directory)
open("/etc/localtime", O_RDONLY|O_CLOEXEC) = 7
fstat(7, {st_mode=S_IFREG|0644, st_size=3585, ...}) = 0
fstat(7, {st_mode=S_IFREG|0644, st_size=3585, ...}) = 0
read(7, "TZif2\0\0\0\0\0\0\0\0\0\0\0\0\0\0\0\0\0\0\7\0\0\0\7\0\0\0\0"..., 4096) = 3585
lseek(7, -2281, SEEK_CUR)               = 1304
read(7, "TZif2\0\0\0\0\0\0\0\0\0\0\0\0\0\0\0\0\0\0\7\0\0\0\7\0\0\0\0"..., 4096) = 2281
close(7)                                = 0
socket(PF_LOCAL, SOCK_DGRAM|SOCK_CLOEXEC, 0) = 7
connect(7, {sa_family=AF_LOCAL, sun_path="/dev/log"}, 110) = 0
sendto(7, "<83>May  6 20:24:51 passwd[3471]"..., 171, MSG_NOSIGNAL, NULL, 0) = 171
sendto(7, "<83>May  6 20:24:51 passwd[3471]"..., 80, MSG_NOSIGNAL, NULL, 0) = 80
read(5, "", 4096)                       = 0
close(5)                                = 0
read(4, "", 4096)                       = 0
close(4)                                = 0
open("/etc/pam.d/other", O_RDONLY)      = 4
fstat(4, {st_mode=S_IFREG|0644, st_size=520, ...}) = 0
read(4, "#\n# /etc/pam.d/other - specify t"..., 4096) = 520
stat("/etc/pam.d", {st_mode=S_IFDIR|0755, st_size=4096, ...}) = 0
open("/etc/pam.d/common-auth", O_RDONLY) = 5
fstat(5, {st_mode=S_IFREG|0644, st_size=1414, ...}) = 0
read(5, "#\n# /etc/pam.d/common-auth - aut"..., 4096) = 1414
read(5, "", 4096)                       = 0
close(5)                                = 0
stat("/etc/pam.d", {st_mode=S_IFDIR|0755, st_size=4096, ...}) = 0
open("/etc/pam.d/common-account", O_RDONLY) = 5
fstat(5, {st_mode=S_IFREG|0644, st_size=1408, ...}) = 0
read(5, "#\n# /etc/pam.d/common-account - "..., 4096) = 1408
open("/lib/x86_64-linux-gnu/security/pam_localuser.so", O_RDONLY|O_CLOEXEC) = 8
read(8, "\177ELF\2\1\1\0\0\0\0\0\0\0\0\0\3\0>\0\1\0\0\0\260\10\0\0\0\0\0\0"..., 832) = 832
fstat(8, {st_mode=S_IFREG|0644, st_size=10304, ...}) = 0
mmap(NULL, 2105448, PROT_READ|PROT_EXEC, MAP_PRIVATE|MAP_DENYWRITE, 8, 0) = 0x7efd3f242000
mprotect(0x7efd3f243000, 2097152, PROT_NONE) = 0
mmap(0x7efd3f443000, 8192, PROT_READ|PROT_WRITE, MAP_PRIVATE|MAP_FIXED|MAP_DENYWRITE, 8, 0x1000) = 0x7efd3f443000
close(8)                                = 0
mprotect(0x7efd3f443000, 4096, PROT_READ) = 0
read(5, "", 4096)                       = 0
close(5)                                = 0
stat("/etc/pam.d", {st_mode=S_IFDIR|0755, st_size=4096, ...}) = 0
open("/etc/pam.d/common-password", O_RDONLY) = 5
fstat(5, {st_mode=S_IFREG|0644, st_size=1782, ...}) = 0
read(5, "#\n# /etc/pam.d/common-password -"..., 4096) = 1782
read(5, "", 4096)                       = 0
close(5)                                = 0
stat("/etc/pam.d", {st_mode=S_IFDIR|0755, st_size=4096, ...}) = 0
open("/etc/pam.d/common-session", O_RDONLY) = 5
fstat(5, {st_mode=S_IFREG|0644, st_size=1642, ...}) = 0
read(5, "#\n# /etc/pam.d/common-session - "..., 4096) = 1642
open("/lib/x86_64-linux-gnu/security/pam_umask.so", O_RDONLY|O_CLOEXEC) = 8
read(8, "\177ELF\2\1\1\0\0\0\0\0\0\0\0\0\3\0>\0\1\0\0\0\300\f\0\0\0\0\0\0"..., 832) = 832
fstat(8, {st_mode=S_IFREG|0644, st_size=10432, ...}) = 0
mmap(NULL, 2105576, PROT_READ|PROT_EXEC, MAP_PRIVATE|MAP_DENYWRITE, 8, 0) = 0x7efd3f03f000
mprotect(0x7efd3f041000, 2093056, PROT_NONE) = 0
mmap(0x7efd3f240000, 8192, PROT_READ|PROT_WRITE, MAP_PRIVATE|MAP_FIXED|MAP_DENYWRITE, 8, 0x1000) = 0x7efd3f240000
close(8)                                = 0
mprotect(0x7efd3f240000, 4096, PROT_READ) = 0
open("/lib/x86_64-linux-gnu/security/pam_systemd.so", O_RDONLY|O_CLOEXEC) = 8
read(8, "\177ELF\2\1\1\0\0\0\0\0\0\0\0\0\3\0>\0\1\0\0\0\0\0\0\0\0\0\0\0"..., 832) = 832
fstat(8, {st_mode=S_IFREG|0644, st_size=274376, ...}) = 0
mmap(NULL, 278113, PROT_READ|PROT_EXEC, MAP_PRIVATE|MAP_DENYWRITE, 8, 0) = 0x7efd47228000
mmap(0x7efd47268000, 16384, PROT_READ|PROT_WRITE, MAP_PRIVATE|MAP_FIXED|MAP_DENYWRITE, 8, 0x3f000) = 0x7efd47268000
close(8)                                = 0
open("/etc/ld.so.cache", O_RDONLY|O_CLOEXEC) = 8
fstat(8, {st_mode=S_IFREG|0644, st_size=40227, ...}) = 0
mmap(NULL, 40227, PROT_READ, MAP_PRIVATE, 8, 0) = 0x7efd47272000
close(8)                                = 0
access("/etc/ld.so.nohwcap", F_OK)      = -1 ENOENT (No such file or directory)
open("/lib/x86_64-linux-gnu/librt.so.1", O_RDONLY|O_CLOEXEC) = 8
read(8, "\177ELF\2\1\1\0\0\0\0\0\0\0\0\0\3\0>\0\1\0\0\0\0!\0\0\0\0\0\0"..., 832) = 832
fstat(8, {st_mode=S_IFREG|0644, st_size=31712, ...}) = 0
mmap(NULL, 2128832, PROT_READ|PROT_EXEC, MAP_PRIVATE|MAP_DENYWRITE, 8, 0) = 0x7efd3ee37000
mprotect(0x7efd3ee3e000, 2093056, PROT_NONE) = 0
mmap(0x7efd3f03d000, 8192, PROT_READ|PROT_WRITE, MAP_PRIVATE|MAP_FIXED|MAP_DENYWRITE, 8, 0x6000) = 0x7efd3f03d000
close(8)                                = 0
mprotect(0x7efd3f03d000, 4096, PROT_READ) = 0
mprotect(0x7efd47268000, 12288, PROT_READ) = 0
munmap(0x7efd47272000, 40227)           = 0
open("/lib/x86_64-linux-gnu/security/pam_mkhomedir.so", O_RDONLY|O_CLOEXEC) = 8
read(8, "\177ELF\2\1\1\0\0\0\0\0\0\0\0\0\3\0>\0\1\0\0\0\220\n\0\0\0\0\0\0"..., 832) = 832
fstat(8, {st_mode=S_IFREG|0644, st_size=10376, ...}) = 0
mmap(NULL, 2105528, PROT_READ|PROT_EXEC, MAP_PRIVATE|MAP_DENYWRITE, 8, 0) = 0x7efd3ec34000
mprotect(0x7efd3ec36000, 2093056, PROT_NONE) = 0
mmap(0x7efd3ee35000, 8192, PROT_READ|PROT_WRITE, MAP_PRIVATE|MAP_FIXED|MAP_DENYWRITE, 8, 0x1000) = 0x7efd3ee35000
close(8)                                = 0
mprotect(0x7efd3ee35000, 4096, PROT_READ) = 0
read(5, "", 4096)                       = 0
close(5)                                = 0
read(4, "", 4096)                       = 0
close(4)                                = 0
open("/etc/security/pwquality.conf.d", O_RDONLY|O_NONBLOCK|O_DIRECTORY|O_CLOEXEC) = -1 ENOENT (No such file or directory)
open("/etc/security/pwquality.conf", O_RDONLY) = 4
fstat(4, {st_mode=S_IFREG|0644, st_size=1718, ...}) = 0
read(4, "# Configuration for systemwide p"..., 4096) = 1718
read(4, "", 4096)                       = 0
close(4)                                = 0
getuid()                                = 0
geteuid()                               = 0
getgid()                                = 0
getegid()                               = 0
futex(0x7efd439502b0, FUTEX_WAKE_PRIVATE, 2147483647) = 0
futex(0x7efd43950150, FUTEX_WAKE_PRIVATE, 2147483647) = 0
futex(0x7efd440547b0, FUTEX_WAKE_PRIVATE, 2147483647) = 0
futex(0x7efd44055870, FUTEX_WAKE_PRIVATE, 2147483647) = 0
stat("/etc/krb5.conf", {st_mode=S_IFREG|0644, st_size=5192, ...}) = 0
open("/etc/krb5.conf", O_RDONLY)        = 4
fcntl(4, F_SETFD, FD_CLOEXEC)           = 0
fstat(4, {st_mode=S_IFREG|0644, st_size=5192, ...}) = 0
read(4, "[libdefaults]\n     default_realm"..., 4096) = 4096
read(4, "\n        admin_server = krb5-adm"..., 4096) = 1096
read(4, "", 4096)                       = 0
close(4)                                = 0
open("/dev/urandom", O_RDONLY)          = 4
fcntl(4, F_SETFD, FD_CLOEXEC)           = 0
fstat(4, {st_mode=S_IFCHR|0666, st_rdev=makedev(1, 9), ...}) = 0
read(4, "I$\256\370\247I\217\22x\307b\357\232\234~\3564F\202H'9\350\364\"\"\36\370\200\250\312\26"..., 64) = 64
close(4)                                = 0
open("/dev/urandom", O_RDONLY)          = 4
fcntl(4, F_SETFD, FD_CLOEXEC)           = 0
fstat(4, {st_mode=S_IFCHR|0666, st_rdev=makedev(1, 9), ...}) = 0
read(4, "\3355\vE\262)\271\210g-6^n\216\"\2\245R\2604\373\212\372-[\34\200\373C\234\314\201"..., 64) = 64
close(4)                                = 0
futex(0x7efd43d82180, FUTEX_WAKE_PRIVATE, 2147483647) = 0
open("/etc/passwd", O_RDONLY|O_CLOEXEC) = 4
lseek(4, 0, SEEK_CUR)                   = 0
fstat(4, {st_mode=S_IFREG|0644, st_size=1662, ...}) = 0
mmap(NULL, 1662, PROT_READ, MAP_SHARED, 4, 0) = 0x7efd4727b000
lseek(4, 1662, SEEK_SET)                = 1662
munmap(0x7efd4727b000, 1662)            = 0
close(4)                                = 0
ioctl(0, TCGETS, {B9600 opost isig icanon echo ...}) = 0
ioctl(0, TCGETS, {B9600 opost isig icanon echo ...}) = 0
rt_sigprocmask(SIG_BLOCK, [TSTP], [], 8) = 0
ioctl(0, TCGETS, {B9600 opost isig icanon echo ...}) = 0
ioctl(0, SNDCTL_TMR_CONTINUE or TCSETSF, {B9600 opost isig icanon -echo ...}) = 0
ioctl(0, TCGETS, {B9600 opost isig icanon -echo ...}) = 0
write(2, "Current Kerberos password: ", 27) = 27
read(0, "\n", 511)                      = 1
ioctl(0, TCGETS, {B9600 opost isig icanon -echo ...}) = 0
ioctl(0, SNDCTL_TMR_STOP or TCSETSW, {B9600 opost isig icanon echo ...}) = 0
ioctl(0, TCGETS, {B9600 opost isig icanon echo ...}) = 0
write(2, "\n", 1)                       = 1
rt_sigprocmask(SIG_SETMASK, [], NULL, 8) = 0
ioctl(0, TCGETS, {B9600 opost isig icanon echo ...}) = 0
ioctl(0, SNDCTL_TMR_STOP or TCSETSW, {B9600 opost isig icanon echo ...}) = 0
ioctl(0, TCGETS, {B9600 opost isig icanon echo ...}) = 0
getuid()                                = 0
open("/etc/login.defs", O_RDONLY)       = 4
fstat(4, {st_mode=S_IFREG|0644, st_size=10551, ...}) = 0
read(4, "#\n# /etc/login.defs - Configurat"..., 4096) = 4096
read(4, " issuing \n# the \"mesg y\" command"..., 4096) = 4096
read(4, " algorithm compatible with the o"..., 4096) = 2359
close(4)                                = 0
open("/etc/login.defs", O_RDONLY)       = 4
fstat(4, {st_mode=S_IFREG|0644, st_size=10551, ...}) = 0
read(4, "#\n# /etc/login.defs - Configurat"..., 4096) = 4096
read(4, " issuing \n# the \"mesg y\" command"..., 4096) = 4096
read(4, " algorithm compatible with the o"..., 4096) = 2359
read(4, "", 4096)                       = 0
close(4)                                = 0
open("/etc/passwd", O_RDONLY)           = 4
fstat(4, {st_mode=S_IFREG|0644, st_size=1662, ...}) = 0
read(4, "root:x:0:0:root:/root:/bin/bash\n"..., 4096) = 1662
close(4)                                = 0
open("/etc/passwd", O_RDONLY)           = 4
fstat(4, {st_mode=S_IFREG|0644, st_size=1662, ...}) = 0
read(4, "root:x:0:0:root:/root:/bin/bash\n"..., 4096) = 1662
close(4)                                = 0
open("/etc/passwd", O_RDONLY|O_CLOEXEC) = 4
lseek(4, 0, SEEK_CUR)                   = 0
fstat(4, {st_mode=S_IFREG|0644, st_size=1662, ...}) = 0
mmap(NULL, 1662, PROT_READ, MAP_SHARED, 4, 0) = 0x7efd4727b000
lseek(4, 1662, SEEK_SET)                = 1662
munmap(0x7efd4727b000, 1662)            = 0
close(4)                                = 0
open("/etc/shadow", O_RDONLY|O_CLOEXEC) = 4
lseek(4, 0, SEEK_CUR)                   = 0
fstat(4, {st_mode=S_IFREG|0640, st_size=1101, ...}) = 0
mmap(NULL, 1101, PROT_READ, MAP_SHARED, 4, 0) = 0x7efd4727b000
lseek(4, 1101, SEEK_SET)                = 1101
munmap(0x7efd4727b000, 1101)            = 0
close(4)                                = 0
open("/etc/passwd", O_RDONLY|O_CLOEXEC) = 4
lseek(4, 0, SEEK_CUR)                   = 0
fstat(4, {st_mode=S_IFREG|0644, st_size=1662, ...}) = 0
mmap(NULL, 1662, PROT_READ, MAP_SHARED, 4, 0) = 0x7efd4727b000
lseek(4, 1662, SEEK_SET)                = 1662
munmap(0x7efd4727b000, 1662)            = 0
close(4)                                = 0
open("/etc/shadow", O_RDONLY|O_CLOEXEC) = 4
lseek(4, 0, SEEK_CUR)                   = 0
fstat(4, {st_mode=S_IFREG|0640, st_size=1101, ...}) = 0
mmap(NULL, 1101, PROT_READ, MAP_SHARED, 4, 0) = 0x7efd4727b000
lseek(4, 1101, SEEK_SET)                = 1101
munmap(0x7efd4727b000, 1101)            = 0
close(4)                                = 0
open("/etc/security/pwquality.conf.d", O_RDONLY|O_NONBLOCK|O_DIRECTORY|O_CLOEXEC) = -1 ENOENT (No such file or directory)
open("/etc/security/pwquality.conf", O_RDONLY) = 4
fstat(4, {st_mode=S_IFREG|0644, st_size=1718, ...}) = 0
read(4, "# Configuration for systemwide p"..., 4096) = 1718
read(4, "", 4096)                       = 0
close(4)                                = 0
open("/usr/share/locale/en_US.UTF-8/LC_MESSAGES/Linux-PAM.mo", O_RDONLY) = -1 ENOENT (No such file or directory)
open("/usr/share/locale/en_US.utf8/LC_MESSAGES/Linux-PAM.mo", O_RDONLY) = -1 ENOENT (No such file or directory)
open("/usr/share/locale/en_US/LC_MESSAGES/Linux-PAM.mo", O_RDONLY) = -1 ENOENT (No such file or directory)
open("/usr/share/locale/en.UTF-8/LC_MESSAGES/Linux-PAM.mo", O_RDONLY) = -1 ENOENT (No such file or directory)
open("/usr/share/locale/en.utf8/LC_MESSAGES/Linux-PAM.mo", O_RDONLY) = -1 ENOENT (No such file or directory)
open("/usr/share/locale/en/LC_MESSAGES/Linux-PAM.mo", O_RDONLY) = -1 ENOENT (No such file or directory)
open("/usr/share/locale-langpack/en_US.UTF-8/LC_MESSAGES/Linux-PAM.mo", O_RDONLY) = -1 ENOENT (No such file or directory)
open("/usr/share/locale-langpack/en_US.utf8/LC_MESSAGES/Linux-PAM.mo", O_RDONLY) = -1 ENOENT (No such file or directory)
open("/usr/share/locale-langpack/en_US/LC_MESSAGES/Linux-PAM.mo", O_RDONLY) = -1 ENOENT (No such file or directory)
open("/usr/share/locale-langpack/en.UTF-8/LC_MESSAGES/Linux-PAM.mo", O_RDONLY) = -1 ENOENT (No such file or directory)
open("/usr/share/locale-langpack/en.utf8/LC_MESSAGES/Linux-PAM.mo", O_RDONLY) = -1 ENOENT (No such file or directory)
open("/usr/share/locale-langpack/en/LC_MESSAGES/Linux-PAM.mo", O_RDONLY) = -1 ENOENT (No such file or directory)
ioctl(0, TCGETS, {B9600 opost isig icanon echo ...}) = 0
ioctl(0, TCGETS, {B9600 opost isig icanon echo ...}) = 0
rt_sigprocmask(SIG_BLOCK, [TSTP], [], 8) = 0
ioctl(0, TCGETS, {B9600 opost isig icanon echo ...}) = 0
ioctl(0, SNDCTL_TMR_CONTINUE or TCSETSF, {B9600 opost isig icanon -echo ...}) = 0
ioctl(0, TCGETS, {B9600 opost isig icanon -echo ...}) = 0
write(2, "New password: ", 14)          = 14
read(0, "Hi.123\n", 511)                = 7
ioctl(0, TCGETS, {B9600 opost isig icanon -echo ...}) = 0
ioctl(0, SNDCTL_TMR_STOP or TCSETSW, {B9600 opost isig icanon echo ...}) = 0
ioctl(0, TCGETS, {B9600 opost isig icanon echo ...}) = 0
write(2, "\n", 1)                       = 1
rt_sigprocmask(SIG_SETMASK, [], NULL, 8) = 0
ioctl(0, TCGETS, {B9600 opost isig icanon echo ...}) = 0
ioctl(0, SNDCTL_TMR_STOP or TCSETSW, {B9600 opost isig icanon echo ...}) = 0
ioctl(0, TCGETS, {B9600 opost isig icanon echo ...}) = 0
open("/usr/share/locale/en_US.UTF-8/LC_MESSAGES/libpwquality.mo", O_RDONLY) = -1 ENOENT (No such file or directory)
open("/usr/share/locale/en_US.utf8/LC_MESSAGES/libpwquality.mo", O_RDONLY) = -1 ENOENT (No such file or directory)
open("/usr/share/locale/en_US/LC_MESSAGES/libpwquality.mo", O_RDONLY) = -1 ENOENT (No such file or directory)
open("/usr/share/locale/en.UTF-8/LC_MESSAGES/libpwquality.mo", O_RDONLY) = -1 ENOENT (No such file or directory)
open("/usr/share/locale/en.utf8/LC_MESSAGES/libpwquality.mo", O_RDONLY) = -1 ENOENT (No such file or directory)
open("/usr/share/locale/en/LC_MESSAGES/libpwquality.mo", O_RDONLY) = -1 ENOENT (No such file or directory)
open("/usr/share/locale-langpack/en_US.UTF-8/LC_MESSAGES/libpwquality.mo", O_RDONLY) = -1 ENOENT (No such file or directory)
open("/usr/share/locale-langpack/en_US.utf8/LC_MESSAGES/libpwquality.mo", O_RDONLY) = -1 ENOENT (No such file or directory)
open("/usr/share/locale-langpack/en_US/LC_MESSAGES/libpwquality.mo", O_RDONLY) = -1 ENOENT (No such file or directory)
open("/usr/share/locale-langpack/en.UTF-8/LC_MESSAGES/libpwquality.mo", O_RDONLY) = -1 ENOENT (No such file or directory)
open("/usr/share/locale-langpack/en.utf8/LC_MESSAGES/libpwquality.mo", O_RDONLY) = -1 ENOENT (No such file or directory)
open("/usr/share/locale-langpack/en/LC_MESSAGES/libpwquality.mo", O_RDONLY) = -1 ENOENT (No such file or directory)
write(2, "BAD PASSWORD: The password is sh"..., 56) = 56
getuid()                                = 0
ioctl(0, TCGETS, {B9600 opost isig icanon echo ...}) = 0
ioctl(0, TCGETS, {B9600 opost isig icanon echo ...}) = 0
rt_sigprocmask(SIG_BLOCK, [TSTP], [], 8) = 0
ioctl(0, TCGETS, {B9600 opost isig icanon echo ...}) = 0
ioctl(0, SNDCTL_TMR_CONTINUE or TCSETSF, {B9600 opost isig icanon -echo ...}) = 0
ioctl(0, TCGETS, {B9600 opost isig icanon -echo ...}) = 0
write(2, "Retype new password: ", 21)   = 21
read(0, "Hi.123\n", 511)                = 7
ioctl(0, TCGETS, {B9600 opost isig icanon -echo ...}) = 0
ioctl(0, SNDCTL_TMR_STOP or TCSETSW, {B9600 opost isig icanon echo ...}) = 0
ioctl(0, TCGETS, {B9600 opost isig icanon echo ...}) = 0
write(2, "\n", 1)                       = 1
rt_sigprocmask(SIG_SETMASK, [], NULL, 8) = 0
ioctl(0, TCGETS, {B9600 opost isig icanon echo ...}) = 0
ioctl(0, SNDCTL_TMR_STOP or TCSETSW, {B9600 opost isig icanon echo ...}) = 0
ioctl(0, TCGETS, {B9600 opost isig icanon echo ...}) = 0
getuid()                                = 0
geteuid()                               = 0
getgid()                                = 0
getegid()                               = 0
access("/etc/krb5.conf", R_OK)          = 0
stat("/etc/krb5.conf", {st_mode=S_IFREG|0644, st_size=5192, ...}) = 0
open("/dev/urandom", O_RDONLY)          = 4
fcntl(4, F_SETFD, FD_CLOEXEC)           = 0
fstat(4, {st_mode=S_IFCHR|0666, st_rdev=makedev(1, 9), ...}) = 0
read(4, "\270<\351\10\25\20\373\346\241\261\266\345\247\320EA\272\235\206$\206\363\255^\364\274\240\n\37w\306,"..., 64) = 64
close(4)                                = 0
open("/etc/passwd", O_RDONLY|O_CLOEXEC) = 4
lseek(4, 0, SEEK_CUR)                   = 0
fstat(4, {st_mode=S_IFREG|0644, st_size=1662, ...}) = 0
mmap(NULL, 1662, PROT_READ, MAP_SHARED, 4, 0) = 0x7efd4727b000
lseek(4, 1662, SEEK_SET)                = 1662
munmap(0x7efd4727b000, 1662)            = 0
close(4)                                = 0
ioctl(0, TCGETS, {B9600 opost isig icanon echo ...}) = 0
ioctl(0, TCGETS, {B9600 opost isig icanon echo ...}) = 0
rt_sigprocmask(SIG_BLOCK, [TSTP], [], 8) = 0
ioctl(0, TCGETS, {B9600 opost isig icanon echo ...}) = 0
ioctl(0, SNDCTL_TMR_CONTINUE or TCSETSF, {B9600 opost isig icanon -echo ...}) = 0
ioctl(0, TCGETS, {B9600 opost isig icanon -echo ...}) = 0
write(2, "Current Kerberos password: ", 27) = 27
read(0, "\n", 511)                      = 1
ioctl(0, TCGETS, {B9600 opost isig icanon -echo ...}) = 0
ioctl(0, SNDCTL_TMR_STOP or TCSETSW, {B9600 opost isig icanon echo ...}) = 0
ioctl(0, TCGETS, {B9600 opost isig icanon echo ...}) = 0
write(2, "\n", 1)                       = 1
rt_sigprocmask(SIG_SETMASK, [], NULL, 8) = 0
ioctl(0, TCGETS, {B9600 opost isig icanon echo ...}) = 0
ioctl(0, SNDCTL_TMR_STOP or TCSETSW, {B9600 opost isig icanon echo ...}) = 0
ioctl(0, TCGETS, {B9600 opost isig icanon echo ...}) = 0
getuid()                                = 0
open("/etc/login.defs", O_RDONLY)       = 4
fstat(4, {st_mode=S_IFREG|0644, st_size=10551, ...}) = 0
brk(0x561c3da96000)                     = 0x561c3da96000
read(4, "#\n# /etc/login.defs - Configurat"..., 4096) = 4096
read(4, " issuing \n# the \"mesg y\" command"..., 4096) = 4096
read(4, " algorithm compatible with the o"..., 4096) = 2359
close(4)                                = 0
brk(0x561c3da95000)                     = 0x561c3da95000
open("/etc/login.defs", O_RDONLY)       = 4
fstat(4, {st_mode=S_IFREG|0644, st_size=10551, ...}) = 0
read(4, "#\n# /etc/login.defs - Configurat"..., 4096) = 4096
read(4, " issuing \n# the \"mesg y\" command"..., 4096) = 4096
read(4, " algorithm compatible with the o"..., 4096) = 2359
read(4, "", 4096)                       = 0
close(4)                                = 0
open("/etc/passwd", O_RDONLY)           = 4
fstat(4, {st_mode=S_IFREG|0644, st_size=1662, ...}) = 0
read(4, "root:x:0:0:root:/root:/bin/bash\n"..., 4096) = 1662
close(4)                                = 0
open("/etc/passwd", O_RDONLY)           = 4
fstat(4, {st_mode=S_IFREG|0644, st_size=1662, ...}) = 0
read(4, "root:x:0:0:root:/root:/bin/bash\n"..., 4096) = 1662
close(4)                                = 0
open("/etc/.pwd.lock", O_WRONLY|O_CREAT|O_CLOEXEC, 0600) = 4
rt_sigaction(SIGALRM, {0x7efd46765c30, ~[], SA_RESTORER, 0x7efd4668e4b0}, {SIG_IGN, [ALRM], SA_RESTORER|SA_RESTART, 0x7efd4668e4b0}, 8) = 0
rt_sigprocmask(SIG_UNBLOCK, [ALRM], [], 8) = 0
alarm(15)                               = 0
fcntl(4, F_SETLKW, {l_type=F_WRLCK, l_whence=SEEK_SET, l_start=0, l_len=0}) = 0
alarm(0)                                = 15
rt_sigprocmask(SIG_SETMASK, [], NULL, 8) = 0
rt_sigaction(SIGALRM, {SIG_IGN, [ALRM], SA_RESTORER|SA_RESTART, 0x7efd4668e4b0}, NULL, 8) = 0
open("/etc/passwd", O_RDONLY|O_CLOEXEC) = 5
lseek(5, 0, SEEK_CUR)                   = 0
fstat(5, {st_mode=S_IFREG|0644, st_size=1662, ...}) = 0
mmap(NULL, 1662, PROT_READ, MAP_SHARED, 5, 0) = 0x7efd4727b000
lseek(5, 1662, SEEK_SET)                = 1662
munmap(0x7efd4727b000, 1662)            = 0
close(5)                                = 0
open("/etc/shadow", O_RDONLY|O_CLOEXEC) = 5
lseek(5, 0, SEEK_CUR)                   = 0
fstat(5, {st_mode=S_IFREG|0640, st_size=1101, ...}) = 0
mmap(NULL, 1101, PROT_READ, MAP_SHARED, 5, 0) = 0x7efd4727b000
lseek(5, 1101, SEEK_SET)                = 1101
munmap(0x7efd4727b000, 1101)            = 0
close(5)                                = 0
open("/dev/urandom", O_RDONLY)          = 5
read(5, "n\22/[\224\344w=", 8)          = 8
close(5)                                = 0
open("/etc/passwd", O_RDONLY|O_CLOEXEC) = 5
lseek(5, 0, SEEK_CUR)                   = 0
fstat(5, {st_mode=S_IFREG|0644, st_size=1662, ...}) = 0
mmap(NULL, 1662, PROT_READ, MAP_SHARED, 5, 0) = 0x7efd4727b000
lseek(5, 1662, SEEK_SET)                = 1662
munmap(0x7efd4727b000, 1662)            = 0
close(5)                                = 0
open("/etc/passwd", O_RDONLY)           = 5
fstat(5, {st_mode=S_IFREG|0644, st_size=1662, ...}) = 0
read(5, "root:x:0:0:root:/root:/bin/bash\n"..., 4096) = 1662
close(5)                                = 0
umask(077)                              = 077
open("/etc/nshadow", O_WRONLY|O_CREAT|O_TRUNC, 0666) = 5
umask(077)                              = 077
open("/etc/shadow", O_RDONLY)           = 8
fstat(8, {st_mode=S_IFREG|0640, st_size=1101, ...}) = 0
fchown(5, 0, 42)                        = 0
fchmod(5, 0100640)                      = 0
lseek(8, 0, SEEK_CUR)                   = 0
fstat(8, {st_mode=S_IFREG|0640, st_size=1101, ...}) = 0
read(8, "root:$6$gsUBOTkf1jMizLXb$B9lUFiX"..., 4096) = 1101
fstat(5, {st_mode=S_IFREG|0640, st_size=0, ...}) = 0
lseek(8, 0, SEEK_CUR)                   = 1101
lseek(8, 0, SEEK_CUR)                   = 1101
lseek(8, 0, SEEK_CUR)                   = 1101
lseek(8, 0, SEEK_CUR)                   = 1101
lseek(8, 0, SEEK_CUR)                   = 1101
lseek(8, 0, SEEK_CUR)                   = 1101
lseek(8, 0, SEEK_CUR)                   = 1101
lseek(8, 0, SEEK_CUR)                   = 1101
lseek(8, 0, SEEK_CUR)                   = 1101
lseek(8, 0, SEEK_CUR)                   = 1101
lseek(8, 0, SEEK_CUR)                   = 1101
lseek(8, 0, SEEK_CUR)                   = 1101
lseek(8, 0, SEEK_CUR)                   = 1101
lseek(8, 0, SEEK_CUR)                   = 1101
lseek(8, 0, SEEK_CUR)                   = 1101
lseek(8, 0, SEEK_CUR)                   = 1101
lseek(8, 0, SEEK_CUR)                   = 1101
lseek(8, 0, SEEK_CUR)                   = 1101
lseek(8, 0, SEEK_CUR)                   = 1101
lseek(8, 0, SEEK_CUR)                   = 1101
lseek(8, 0, SEEK_CUR)                   = 1101
lseek(8, 0, SEEK_CUR)                   = 1101
lseek(8, 0, SEEK_CUR)                   = 1101
lseek(8, 0, SEEK_CUR)                   = 1101
lseek(8, 0, SEEK_CUR)                   = 1101
lseek(8, 0, SEEK_CUR)                   = 1101
lseek(8, 0, SEEK_CUR)                   = 1101
lseek(8, 0, SEEK_CUR)                   = 1101
lseek(8, 0, SEEK_CUR)                   = 1101
lseek(8, 0, SEEK_CUR)                   = 1101
lseek(8, 0, SEEK_CUR)                   = 1101
lseek(8, 0, SEEK_CUR)                   = 1101
read(8, "", 4096)                       = 0
close(8)                                = 0
write(5, "root:$6$gsUBOTkf1jMizLXb$B9lUFiX"..., 1101) = 1101
fsync(5)                                = 0
close(5)                                = 0
rename("/etc/nshadow", "/etc/shadow")   = 0
sendto(7, "<85>May  6 20:25:01 passwd[3471]"..., 90, MSG_NOSIGNAL, NULL, 0) = 90
close(4)                                = 0
socket(PF_NETLINK, SOCK_RAW, NETLINK_AUDIT) = 4
fcntl(4, F_SETFD, FD_CLOEXEC)           = 0
readlink("/proc/self/exe", "/usr/bin/passwd", 4096) = 15
ioctl(0, TCGETS, {B9600 opost isig icanon echo ...}) = 0
fstat(0, {st_mode=S_IFCHR|0620, st_rdev=makedev(136, 1), ...}) = 0
readlink("/proc/self/fd/0", "/dev/pts/1", 31) = 10
stat("/dev/pts/1", {st_mode=S_IFCHR|0620, st_rdev=makedev(136, 1), ...}) = 0
lstat("/dev/pts/1", {st_mode=S_IFCHR|0620, st_rdev=makedev(136, 1), ...}) = 0
sendto(4, "t\0\0\0T\4\5\0\1\0\0\0\0\0\0\0op=PAM:chauthtok"..., 116, 0, {sa_family=AF_NETLINK, pid=0, groups=00000000}, 12) = 116
poll([{fd=4, events=POLLIN}], 1, 500)   = 1 ([{fd=4, revents=POLLIN}])
recvfrom(4, "$\0\0\0\2\0\0\0\1\0\0\0\217\r\0\0\0\0\0\0t\0\0\0T\4\5\0\1\0\0\0"..., 8988, MSG_PEEK|MSG_DONTWAIT, {sa_family=AF_NETLINK, pid=0, groups=00000000}, [12]) = 36
recvfrom(4, "$\0\0\0\2\0\0\0\1\0\0\0\217\r\0\0\0\0\0\0t\0\0\0T\4\5\0\1\0\0\0"..., 8988, MSG_DONTWAIT, {sa_family=AF_NETLINK, pid=0, groups=00000000}, [12]) = 36
close(4)                                = 0
open("/usr/share/locale/en_US.UTF-8/LC_MESSAGES/shadow.mo", O_RDONLY) = -1 ENOENT (No such file or directory)
open("/usr/share/locale/en_US.utf8/LC_MESSAGES/shadow.mo", O_RDONLY) = -1 ENOENT (No such file or directory)
open("/usr/share/locale/en_US/LC_MESSAGES/shadow.mo", O_RDONLY) = -1 ENOENT (No such file or directory)
open("/usr/share/locale/en.UTF-8/LC_MESSAGES/shadow.mo", O_RDONLY) = -1 ENOENT (No such file or directory)
open("/usr/share/locale/en.utf8/LC_MESSAGES/shadow.mo", O_RDONLY) = -1 ENOENT (No such file or directory)
open("/usr/share/locale/en/LC_MESSAGES/shadow.mo", O_RDONLY) = -1 ENOENT (No such file or directory)
open("/usr/share/locale-langpack/en_US.UTF-8/LC_MESSAGES/shadow.mo", O_RDONLY) = -1 ENOENT (No such file or directory)
open("/usr/share/locale-langpack/en_US.utf8/LC_MESSAGES/shadow.mo", O_RDONLY) = -1 ENOENT (No such file or directory)
open("/usr/share/locale-langpack/en_US/LC_MESSAGES/shadow.mo", O_RDONLY) = -1 ENOENT (No such file or directory)
open("/usr/share/locale-langpack/en.UTF-8/LC_MESSAGES/shadow.mo", O_RDONLY) = -1 ENOENT (No such file or directory)
open("/usr/share/locale-langpack/en.utf8/LC_MESSAGES/shadow.mo", O_RDONLY) = -1 ENOENT (No such file or directory)
open("/usr/share/locale-langpack/en/LC_MESSAGES/shadow.mo", O_RDONLY) = -1 ENOENT (No such file or directory)
write(2, "passwd: password updated success"..., 38) = 38
munmap(0x7efd44678000, 2105568)         = 0
munmap(0x7efd44472000, 2118208)         = 0
munmap(0x7efd44265000, 2149856)         = 0
munmap(0x7efd44056000, 2154512)         = 0
munmap(0x7efd43d84000, 2956192)         = 0
munmap(0x7efd43b55000, 2285688)         = 0
munmap(0x7efd43746000, 2139080)         = 0
munmap(0x7efd43542000, 2109456)         = 0
munmap(0x7efd4310c000, 2204640)         = 0
munmap(0x7efd42ccb000, 2130832)         = 0
close(6)                                = 0
munmap(0x7efd42abf000, 2142888)         = 0
munmap(0x7efd4286e000, 2427592)         = 0
munmap(0x7efd4265f000, 2154984)         = 0
munmap(0x7efd42444000, 2204648)         = 0
munmap(0x7efd42203000, 2359640)         = 0
munmap(0x7efd41ed3000, 3338624)         = 0
munmap(0x7efd41cca000, 2130928)         = 0
munmap(0x7efd41a40000, 2658672)         = 0
munmap(0x7efd4113b000, 2199848)         = 0
munmap(0x7efd40ed7000, 2504592)         = 0
munmap(0x7efd40ca4000, 2302192)         = 0
munmap(0x7efd40a91000, 2171912)         = 0
munmap(0x7efd40628000, 2302656)         = 0
munmap(0x7efd4085b000, 2314384)         = 0
munmap(0x7efd403a8000, 2617792)         = 0
munmap(0x7efd3fd25000, 2400264)         = 0
munmap(0x7efd3ff70000, 2157176)         = 0
munmap(0x7efd4017f000, 2261136)         = 0
munmap(0x7efd4156b000, 2303016)         = 0
munmap(0x7efd4179e000, 2756880)         = 0
munmap(0x7efd41355000, 2185320)         = 0
munmap(0x7efd43327000, 2206280)         = 0
munmap(0x7efd42ed4000, 2322912)         = 0
munmap(0x7efd43951000, 2109896)         = 0
munmap(0x7efd3fa51000, 2963160)         = 0
munmap(0x7efd3f849000, 2127368)         = 0
munmap(0x7efd3f647000, 2101288)         = 0
munmap(0x7efd3f445000, 2101312)         = 0
munmap(0x7efd3f242000, 2105448)         = 0
munmap(0x7efd3f03f000, 2105576)         = 0
munmap(0x7efd47228000, 278113)          = 0
munmap(0x7efd3ec34000, 2105528)         = 0
exit_group(0)                           = ?
+++ exited with 0 +++
